# JRE version: Java(TM) SE Runtime Environment (8.0_251-b08) (build 1.8.0_251-b08)
# Java VM: Java HotSpot(TM) 64-Bit Server VM (25.251-b08 mixed mode bsd-amd64 compressed oops)
Heap:
 PSYoungGen      total 38400K, used 12947K [0x0000000795580000, 0x0000000798000000, 0x00000007c0000000)
  eden space 33280K, 23% used [0x0000000795580000,0x0000000795d27998,0x0000000797600000)
  from space 5120K, 99% used [0x0000000797b00000,0x0000000797ffd650,0x0000000798000000)
  to   space 5120K, 0% used [0x0000000797600000,0x0000000797600000,0x0000000797b00000)
 ParOldGen       total 48640K, used 12579K [0x0000000740000000, 0x0000000742f80000, 0x0000000795580000)
  object space 48640K, 25% used [0x0000000740000000,0x0000000740c48eb8,0x0000000742f80000)
 Metaspace       used 21716K, capacity 22182K, committed 22528K, reserved 1069056K
  class space    used 3082K, capacity 3236K, committed 3328K, reserved 1048576K
GC Heap History (10 events):
Event: 29.046 GC heap before
{Heap before GC invocations=5 (full 2):
 PSYoungGen      total 38400K, used 32432K [0x0000000795580000, 0x0000000798000000, 0x00000007c0000000)
  eden space 33280K, 97% used [0x0000000795580000,0x000000079752c180,0x0000000797600000)
  from space 5120K, 0% used [0x0000000797b00000,0x0000000797b00000,0x0000000798000000)
  to   space 5120K, 0% used [0x0000000797600000,0x0000000797600000,0x0000000797b00000)
 ParOldGen       total 87552K, used 2153K [0x0000000740000000, 0x0000000745580000, 0x0000000795580000)
  object space 87552K, 2% used [0x0000000740000000,0x000000074021a460,0x0000000745580000)
 Metaspace       used 19488K, capacity 19888K, committed 19968K, reserved 1067008K
  class space    used 2901K, capacity 3029K, committed 3072K, reserved 1048576K
Event: 29.056 GC heap after
Heap after GC invocations=5 (full 2):
 PSYoungGen      total 38400K, used 5113K [0x0000000795580000, 0x0000000798000000, 0x00000007c0000000)
  eden space 33280K, 0% used [0x0000000795580000,0x0000000795580000,0x0000000797600000)
  from space 5120K, 99% used [0x0000000797600000,0x0000000797afe720,0x0000000797b00000)
  to   space 5120K, 0% used [0x0000000797b00000,0x0000000797b00000,0x0000000798000000)
 ParOldGen       total 87552K, used 5979K [0x0000000740000000, 0x0000000745580000, 0x0000000795580000)
  object space 87552K, 6% used [0x0000000740000000,0x00000007405d6fb0,0x0000000745580000)
 Metaspace       used 19488K, capacity 19888K, committed 19968K, reserved 1067008K
  class space    used 2901K, capacity 3029K, committed 3072K, reserved 1048576K
}
Event: 38.247 GC heap before
{Heap before GC invocations=6 (full 2):
 PSYoungGen      total 38400K, used 23614K [0x0000000795580000, 0x0000000798000000, 0x00000007c0000000)
  eden space 33280K, 55% used [0x0000000795580000,0x0000000796791480,0x0000000797600000)
  from space 5120K, 99% used [0x0000000797600000,0x0000000797afe720,0x0000000797b00000)
  to   space 5120K, 0% used [0x0000000797b00000,0x0000000797b00000,0x0000000798000000)
 ParOldGen       total 87552K, used 5979K [0x0000000740000000, 0x0000000745580000, 0x0000000795580000)
  object space 87552K, 6% used [0x0000000740000000,0x00000007405d6fb0,0x0000000745580000)
 Metaspace       used 20776K, capacity 21210K, committed 21296K, reserved 1067008K
  class space    used 3059K, capacity 3170K, committed 3200K, reserved 1048576K
Event: 38.253 GC heap after
Heap after GC invocations=6 (full 2):
 PSYoungGen      total 38400K, used 4860K [0x0000000795580000, 0x0000000798000000, 0x00000007c0000000)
  eden space 33280K, 0% used [0x0000000795580000,0x0000000795580000,0x0000000797600000)
  from space 5120K, 94% used [0x0000000797b00000,0x0000000797fbf368,0x0000000798000000)
  to   space 5120K, 0% used [0x0000000797600000,0x0000000797600000,0x0000000797b00000)
 ParOldGen       total 87552K, used 7630K [0x0000000740000000, 0x0000000745580000, 0x0000000795580000)
  object space 87552K, 8% used [0x0000000740000000,0x0000000740773b10,0x0000000745580000)
 Metaspace       used 20776K, capacity 21210K, committed 21296K, reserved 1067008K
  class space    used 3059K, capacity 3170K, committed 3200K, reserved 1048576K
}
Event: 38.253 GC heap before
{Heap before GC invocations=7 (full 3):
 PSYoungGen      total 38400K, used 4860K [0x0000000795580000, 0x0000000798000000, 0x00000007c0000000)
  eden space 33280K, 0% used [0x0000000795580000,0x0000000795580000,0x0000000797600000)
  from space 5120K, 94% used [0x0000000797b00000,0x0000000797fbf368,0x0000000798000000)
  to   space 5120K, 0% used [0x0000000797600000,0x0000000797600000,0x0000000797b00000)
 ParOldGen       total 87552K, used 7630K [0x0000000740000000, 0x0000000745580000, 0x0000000795580000)
  object space 87552K, 8% used [0x0000000740000000,0x0000000740773b10,0x0000000745580000)
 Metaspace       used 20776K, capacity 21210K, committed 21296K, reserved 1067008K
  class space    used 3059K, capacity 3170K, committed 3200K, reserved 1048576K
Event: 38.311 GC heap after
Heap after GC invocations=7 (full 3):
 PSYoungGen      total 38400K, used 0K [0x0000000795580000, 0x0000000798000000, 0x00000007c0000000)
  eden space 33280K, 0% used [0x0000000795580000,0x0000000795580000,0x0000000797600000)
  from space 5120K, 0% used [0x0000000797b00000,0x0000000797b00000,0x0000000798000000)
  to   space 5120K, 0% used [0x0000000797600000,0x0000000797600000,0x0000000797b00000)
 ParOldGen       total 48640K, used 11454K [0x0000000740000000, 0x0000000742f80000, 0x0000000795580000)
  object space 48640K, 23% used [0x0000000740000000,0x0000000740b2f9d8,0x0000000742f80000)
 Metaspace       used 20776K, capacity 21210K, committed 21296K, reserved 1067008K
  class space    used 3059K, capacity 3170K, committed 3200K, reserved 1048576K
}
Event: 51.982 GC heap before
{Heap before GC invocations=8 (full 3):
 PSYoungGen      total 38400K, used 33280K [0x0000000795580000, 0x0000000798000000, 0x00000007c0000000)
  eden space 33280K, 100% used [0x0000000795580000,0x0000000797600000,0x0000000797600000)
  from space 5120K, 0% used [0x0000000797b00000,0x0000000797b00000,0x0000000798000000)
  to   space 5120K, 0% used [0x0000000797600000,0x0000000797600000,0x0000000797b00000)
 ParOldGen       total 48640K, used 11454K [0x0000000740000000, 0x0000000742f80000, 0x0000000795580000)
  object space 48640K, 23% used [0x0000000740000000,0x0000000740b2f9d8,0x0000000742f80000)
 Metaspace       used 21362K, capacity 21862K, committed 22016K, reserved 1069056K
  class space    used 3080K, capacity 3236K, committed 3328K, reserved 1048576K
Event: 51.984 GC heap after
Heap after GC invocations=8 (full 3):
 PSYoungGen      total 38400K, used 5092K [0x0000000795580000, 0x0000000798000000, 0x00000007c0000000)
  eden space 33280K, 0% used [0x0000000795580000,0x0000000795580000,0x0000000797600000)
  from space 5120K, 99% used [0x0000000797600000,0x0000000797af9118,0x0000000797b00000)
  to   space 5120K, 0% used [0x0000000797b00000,0x0000000797b00000,0x0000000798000000)
 ParOldGen       total 48640K, used 11510K [0x0000000740000000, 0x0000000742f80000, 0x0000000795580000)
  object space 48640K, 23% used [0x0000000740000000,0x0000000740b3d9d8,0x0000000742f80000)
 Metaspace       used 21362K, capacity 21862K, committed 22016K, reserved 1069056K
  class space    used 3080K, capacity 3236K, committed 3328K, reserved 1048576K
}
Event: 107.175 GC heap before
{Heap before GC invocations=9 (full 3):
 PSYoungGen      total 38400K, used 38372K [0x0000000795580000, 0x0000000798000000, 0x00000007c0000000)
  eden space 33280K, 100% used [0x0000000795580000,0x0000000797600000,0x0000000797600000)
  from space 5120K, 99% used [0x0000000797600000,0x0000000797af9118,0x0000000797b00000)
  to   space 5120K, 0% used [0x0000000797b00000,0x0000000797b00000,0x0000000798000000)
 ParOldGen       total 48640K, used 11510K [0x0000000740000000, 0x0000000742f80000, 0x0000000795580000)
  object space 48640K, 23% used [0x0000000740000000,0x0000000740b3d9d8,0x0000000742f80000)
 Metaspace       used 21681K, capacity 22118K, committed 22272K, reserved 1069056K
  class space    used 3081K, capacity 3236K, committed 3328K, reserved 1048576K
Event: 107.177 GC heap after
Heap after GC invocations=9 (full 3):
 PSYoungGen      total 38400K, used 5109K [0x0000000795580000, 0x0000000798000000, 0x00000007c0000000)
  eden space 33280K, 0% used [0x0000000795580000,0x0000000795580000,0x0000000797600000)
  from space 5120K, 99% used [0x0000000797b00000,0x0000000797ffd650,0x0000000798000000)
  to   space 5120K, 0% used [0x0000000797600000,0x0000000797600000,0x0000000797b00000)
 ParOldGen       total 48640K, used 12579K [0x0000000740000000, 0x0000000742f80000, 0x0000000795580000)
  object space 48640K, 25% used [0x0000000740000000,0x0000000740c48eb8,0x0000000742f80000)
 Metaspace       used 21681K, capacity 22118K, committed 22272K, reserved 1069056K
  class space    used 3081K, capacity 3236K, committed 3328K, reserved 1048576K
}

