# JRE version: Java(TM) SE Runtime Environment (8.0_251-b08) (build 1.8.0_251-b08)
# Java VM: Java HotSpot(TM) 64-Bit Server VM (25.251-b08 mixed mode bsd-amd64 compressed oops)
Heap:
 PSYoungGen      total 38400K, used 31766K [0x0000000795580000, 0x0000000798000000, 0x00000007c0000000)
  eden space 33280K, 80% used [0x0000000795580000,0x0000000796fd2d40,0x0000000797600000)
  from space 5120K, 93% used [0x0000000797600000,0x0000000797ab2b88,0x0000000797b00000)
  to   space 5120K, 0% used [0x0000000797b00000,0x0000000797b00000,0x0000000798000000)
 ParOldGen       total 54272K, used 10304K [0x0000000740000000, 0x0000000743500000, 0x0000000795580000)
  object space 54272K, 18% used [0x0000000740000000,0x0000000740a10270,0x0000000743500000)
 Metaspace       used 21585K, capacity 22058K, committed 22272K, reserved 1069056K
  class space    used 3080K, capacity 3236K, committed 3328K, reserved 1048576K
GC Heap History (10 events):
Event: 2.384 GC heap before
{Heap before GC invocations=4 (full 2):
 PSYoungGen      total 38400K, used 1831K [0x0000000795580000, 0x0000000798000000, 0x00000007c0000000)
  eden space 33280K, 0% used [0x0000000795580000,0x0000000795580000,0x0000000797600000)
  from space 5120K, 35% used [0x0000000797b00000,0x0000000797cc9db8,0x0000000798000000)
  to   space 5120K, 0% used [0x0000000797600000,0x0000000797600000,0x0000000797b00000)
 ParOldGen       total 87552K, used 492K [0x0000000740000000, 0x0000000745580000, 0x0000000795580000)
  object space 87552K, 0% used [0x0000000740000000,0x000000074007b398,0x0000000745580000)
 Metaspace       used 5692K, capacity 5812K, committed 5888K, reserved 1056768K
  class space    used 670K, capacity 728K, committed 768K, reserved 1048576K
Event: 2.403 GC heap after
Heap after GC invocations=4 (full 2):
 PSYoungGen      total 38400K, used 0K [0x0000000795580000, 0x0000000798000000, 0x00000007c0000000)
  eden space 33280K, 0% used [0x0000000795580000,0x0000000795580000,0x0000000797600000)
  from space 5120K, 0% used [0x0000000797b00000,0x0000000797b00000,0x0000000798000000)
  to   space 5120K, 0% used [0x0000000797600000,0x0000000797600000,0x0000000797b00000)
 ParOldGen       total 87552K, used 2154K [0x0000000740000000, 0x0000000745580000, 0x0000000795580000)
  object space 87552K, 2% used [0x0000000740000000,0x000000074021a8e8,0x0000000745580000)
 Metaspace       used 5692K, capacity 5812K, committed 5888K, reserved 1056768K
  class space    used 670K, capacity 728K, committed 768K, reserved 1048576K
}
Event: 17.559 GC heap before
{Heap before GC invocations=5 (full 2):
 PSYoungGen      total 38400K, used 33280K [0x0000000795580000, 0x0000000798000000, 0x00000007c0000000)
  eden space 33280K, 100% used [0x0000000795580000,0x0000000797600000,0x0000000797600000)
  from space 5120K, 0% used [0x0000000797b00000,0x0000000797b00000,0x0000000798000000)
  to   space 5120K, 0% used [0x0000000797600000,0x0000000797600000,0x0000000797b00000)
 ParOldGen       total 87552K, used 2154K [0x0000000740000000, 0x0000000745580000, 0x0000000795580000)
  object space 87552K, 2% used [0x0000000740000000,0x000000074021a8e8,0x0000000745580000)
 Metaspace       used 19612K, capacity 20004K, committed 20224K, reserved 1067008K
  class space    used 2934K, capacity 3067K, committed 3072K, reserved 1048576K
Event: 17.586 GC heap after
Heap after GC invocations=5 (full 2):
 PSYoungGen      total 38400K, used 5110K [0x0000000795580000, 0x0000000798000000, 0x00000007c0000000)
  eden space 33280K, 0% used [0x0000000795580000,0x0000000795580000,0x0000000797600000)
  from space 5120K, 99% used [0x0000000797600000,0x0000000797afd850,0x0000000797b00000)
  to   space 5120K, 0% used [0x0000000797b00000,0x0000000797b00000,0x0000000798000000)
 ParOldGen       total 87552K, used 13499K [0x0000000740000000, 0x0000000745580000, 0x0000000795580000)
  object space 87552K, 15% used [0x0000000740000000,0x0000000740d2ec00,0x0000000745580000)
 Metaspace       used 19612K, capacity 20004K, committed 20224K, reserved 1067008K
  class space    used 2934K, capacity 3067K, committed 3072K, reserved 1048576K
}
Event: 24.862 GC heap before
{Heap before GC invocations=6 (full 2):
 PSYoungGen      total 38400K, used 12263K [0x0000000795580000, 0x0000000798000000, 0x00000007c0000000)
  eden space 33280K, 21% used [0x0000000795580000,0x0000000795c7c3e0,0x0000000797600000)
  from space 5120K, 99% used [0x0000000797600000,0x0000000797afd850,0x0000000797b00000)
  to   space 5120K, 0% used [0x0000000797b00000,0x0000000797b00000,0x0000000798000000)
 ParOldGen       total 87552K, used 13499K [0x0000000740000000, 0x0000000745580000, 0x0000000795580000)
  object space 87552K, 15% used [0x0000000740000000,0x0000000740d2ec00,0x0000000745580000)
 Metaspace       used 20686K, capacity 21088K, committed 21296K, reserved 1067008K
  class space    used 3058K, capacity 3171K, committed 3200K, reserved 1048576K
Event: 24.870 GC heap after
Heap after GC invocations=6 (full 2):
 PSYoungGen      total 38400K, used 5109K [0x0000000795580000, 0x0000000798000000, 0x00000007c0000000)
  eden space 33280K, 0% used [0x0000000795580000,0x0000000795580000,0x0000000797600000)
  from space 5120K, 99% used [0x0000000797b00000,0x0000000797ffd770,0x0000000798000000)
  to   space 5120K, 0% used [0x0000000797600000,0x0000000797600000,0x0000000797b00000)
 ParOldGen       total 87552K, used 13855K [0x0000000740000000, 0x0000000745580000, 0x0000000795580000)
  object space 87552K, 15% used [0x0000000740000000,0x0000000740d87ff0,0x0000000745580000)
 Metaspace       used 20686K, capacity 21088K, committed 21296K, reserved 1067008K
  class space    used 3058K, capacity 3171K, committed 3200K, reserved 1048576K
}
Event: 24.870 GC heap before
{Heap before GC invocations=7 (full 3):
 PSYoungGen      total 38400K, used 5109K [0x0000000795580000, 0x0000000798000000, 0x00000007c0000000)
  eden space 33280K, 0% used [0x0000000795580000,0x0000000795580000,0x0000000797600000)
  from space 5120K, 99% used [0x0000000797b00000,0x0000000797ffd770,0x0000000798000000)
  to   space 5120K, 0% used [0x0000000797600000,0x0000000797600000,0x0000000797b00000)
 ParOldGen       total 87552K, used 13855K [0x0000000740000000, 0x0000000745580000, 0x0000000795580000)
  object space 87552K, 15% used [0x0000000740000000,0x0000000740d87ff0,0x0000000745580000)
 Metaspace       used 20686K, capacity 21088K, committed 21296K, reserved 1067008K
  class space    used 3058K, capacity 3171K, committed 3200K, reserved 1048576K
Event: 24.916 GC heap after
Heap after GC invocations=7 (full 3):
 PSYoungGen      total 38400K, used 0K [0x0000000795580000, 0x0000000798000000, 0x00000007c0000000)
  eden space 33280K, 0% used [0x0000000795580000,0x0000000795580000,0x0000000797600000)
  from space 5120K, 0% used [0x0000000797b00000,0x0000000797b00000,0x0000000798000000)
  to   space 5120K, 0% used [0x0000000797600000,0x0000000797600000,0x0000000797b00000)
 ParOldGen       total 54272K, used 10296K [0x0000000740000000, 0x0000000743500000, 0x0000000795580000)
  object space 54272K, 18% used [0x0000000740000000,0x0000000740a0e270,0x0000000743500000)
 Metaspace       used 20685K, capacity 21086K, committed 21296K, reserved 1067008K
  class space    used 3058K, capacity 3170K, committed 3200K, reserved 1048576K
}
Event: 90.363 GC heap before
{Heap before GC invocations=8 (full 3):
 PSYoungGen      total 38400K, used 33280K [0x0000000795580000, 0x0000000798000000, 0x00000007c0000000)
  eden space 33280K, 100% used [0x0000000795580000,0x0000000797600000,0x0000000797600000)
  from space 5120K, 0% used [0x0000000797b00000,0x0000000797b00000,0x0000000798000000)
  to   space 5120K, 0% used [0x0000000797600000,0x0000000797600000,0x0000000797b00000)
 ParOldGen       total 54272K, used 10296K [0x0000000740000000, 0x0000000743500000, 0x0000000795580000)
  object space 54272K, 18% used [0x0000000740000000,0x0000000740a0e270,0x0000000743500000)
 Metaspace       used 21375K, capacity 21834K, committed 22016K, reserved 1069056K
  class space    used 3078K, capacity 3204K, committed 3328K, reserved 1048576K
Event: 90.366 GC heap after
Heap after GC invocations=8 (full 3):
 PSYoungGen      total 38400K, used 4810K [0x0000000795580000, 0x0000000798000000, 0x00000007c0000000)
  eden space 33280K, 0% used [0x0000000795580000,0x0000000795580000,0x0000000797600000)
  from space 5120K, 93% used [0x0000000797600000,0x0000000797ab2b88,0x0000000797b00000)
  to   space 5120K, 0% used [0x0000000797b00000,0x0000000797b00000,0x0000000798000000)
 ParOldGen       total 54272K, used 10304K [0x0000000740000000, 0x0000000743500000, 0x0000000795580000)
  object space 54272K, 18% used [0x0000000740000000,0x0000000740a10270,0x0000000743500000)
 Metaspace       used 21375K, capacity 21834K, committed 22016K, reserved 1069056K
  class space    used 3078K, capacity 3204K, committed 3328K, reserved 1048576K
}

