# JRE version: Java(TM) SE Runtime Environment (8.0_251-b08) (build 1.8.0_251-b08)
# Java VM: Java HotSpot(TM) 64-Bit Server VM (25.251-b08 mixed mode bsd-amd64 compressed oops)
Heap:
 PSYoungGen      total 39424K, used 16997K [0x0000000795580000, 0x0000000798a00000, 0x00000007c0000000)
  eden space 26112K, 51% used [0x0000000795580000,0x00000007962b62d8,0x0000000796f00000)
  from space 13312K, 26% used [0x0000000797d00000,0x0000000798063140,0x0000000798a00000)
  to   space 13824K, 0% used [0x0000000796f00000,0x0000000796f00000,0x0000000797c80000)
 ParOldGen       total 57344K, used 27519K [0x0000000740000000, 0x0000000743800000, 0x0000000795580000)
  object space 57344K, 47% used [0x0000000740000000,0x0000000741adfee0,0x0000000743800000)
 Metaspace       used 22965K, capacity 23474K, committed 23808K, reserved 1069056K
  class space    used 3131K, capacity 3272K, committed 3328K, reserved 1048576K
GC Heap History (10 events):
Event: 910.608 GC heap before
{Heap before GC invocations=19 (full 3):
 PSYoungGen      total 36864K, used 36682K [0x0000000795580000, 0x0000000798e80000, 0x00000007c0000000)
  eden space 28672K, 100% used [0x0000000795580000,0x0000000797180000,0x0000000797180000)
  from space 8192K, 97% used [0x0000000797200000,0x00000007979d2910,0x0000000797a00000)
  to   space 14848K, 0% used [0x0000000798000000,0x0000000798000000,0x0000000798e80000)
 ParOldGen       total 57344K, used 27047K [0x0000000740000000, 0x0000000743800000, 0x0000000795580000)
  object space 57344K, 47% used [0x0000000740000000,0x0000000741a69ee0,0x0000000743800000)
 Metaspace       used 22821K, capacity 23334K, committed 23552K, reserved 1069056K
  class space    used 3131K, capacity 3272K, committed 3328K, reserved 1048576K
Event: 910.613 GC heap after
Heap after GC invocations=19 (full 3):
 PSYoungGen      total 41472K, used 4200K [0x0000000795580000, 0x0000000798d00000, 0x00000007c0000000)
  eden space 28160K, 0% used [0x0000000795580000,0x0000000795580000,0x0000000797100000)
  from space 13312K, 31% used [0x0000000798000000,0x000000079841a2b0,0x0000000798d00000)
  to   space 14336K, 0% used [0x0000000797100000,0x0000000797100000,0x0000000797f00000)
 ParOldGen       total 57344K, used 27447K [0x0000000740000000, 0x0000000743800000, 0x0000000795580000)
  object space 57344K, 47% used [0x0000000740000000,0x0000000741acdee0,0x0000000743800000)
 Metaspace       used 22821K, capacity 23334K, committed 23552K, reserved 1069056K
  class space    used 3131K, capacity 3272K, committed 3328K, reserved 1048576K
}
Event: 979.556 GC heap before
{Heap before GC invocations=20 (full 3):
 PSYoungGen      total 41472K, used 32360K [0x0000000795580000, 0x0000000798d00000, 0x00000007c0000000)
  eden space 28160K, 100% used [0x0000000795580000,0x0000000797100000,0x0000000797100000)
  from space 13312K, 31% used [0x0000000798000000,0x000000079841a2b0,0x0000000798d00000)
  to   space 14336K, 0% used [0x0000000797100000,0x0000000797100000,0x0000000797f00000)
 ParOldGen       total 57344K, used 27447K [0x0000000740000000, 0x0000000743800000, 0x0000000795580000)
  object space 57344K, 47% used [0x0000000740000000,0x0000000741acdee0,0x0000000743800000)
 Metaspace       used 22908K, capacity 23406K, committed 23552K, reserved 1069056K
  class space    used 3131K, capacity 3272K, committed 3328K, reserved 1048576K
Event: 979.577 GC heap after
Heap after GC invocations=20 (full 3):
 PSYoungGen      total 32256K, used 4431K [0x0000000795580000, 0x0000000798b80000, 0x00000007c0000000)
  eden space 27648K, 0% used [0x0000000795580000,0x0000000795580000,0x0000000797080000)
  from space 4608K, 96% used [0x0000000797100000,0x0000000797553f20,0x0000000797580000)
  to   space 13824K, 0% used [0x0000000797e00000,0x0000000797e00000,0x0000000798b80000)
 ParOldGen       total 57344K, used 27471K [0x0000000740000000, 0x0000000743800000, 0x0000000795580000)
  object space 57344K, 47% used [0x0000000740000000,0x0000000741ad3ee0,0x0000000743800000)
 Metaspace       used 22908K, capacity 23406K, committed 23552K, reserved 1069056K
  class space    used 3131K, capacity 3272K, committed 3328K, reserved 1048576K
}
Event: 1015.234 GC heap before
{Heap before GC invocations=21 (full 3):
 PSYoungGen      total 32256K, used 32079K [0x0000000795580000, 0x0000000798b80000, 0x00000007c0000000)
  eden space 27648K, 100% used [0x0000000795580000,0x0000000797080000,0x0000000797080000)
  from space 4608K, 96% used [0x0000000797100000,0x0000000797553f20,0x0000000797580000)
  to   space 13824K, 0% used [0x0000000797e00000,0x0000000797e00000,0x0000000798b80000)
 ParOldGen       total 57344K, used 27471K [0x0000000740000000, 0x0000000743800000, 0x0000000795580000)
  object space 57344K, 47% used [0x0000000740000000,0x0000000741ad3ee0,0x0000000743800000)
 Metaspace       used 22939K, capacity 23410K, committed 23552K, reserved 1069056K
  class space    used 3131K, capacity 3272K, committed 3328K, reserved 1048576K
Event: 1015.238 GC heap after
Heap after GC invocations=21 (full 3):
 PSYoungGen      total 40960K, used 8700K [0x0000000795580000, 0x0000000798c00000, 0x00000007c0000000)
  eden space 27136K, 0% used [0x0000000795580000,0x0000000795580000,0x0000000797000000)
  from space 13824K, 62% used [0x0000000797e00000,0x000000079867f228,0x0000000798b80000)
  to   space 14336K, 0% used [0x0000000797000000,0x0000000797000000,0x0000000797e00000)
 ParOldGen       total 57344K, used 27511K [0x0000000740000000, 0x0000000743800000, 0x0000000795580000)
  object space 57344K, 47% used [0x0000000740000000,0x0000000741addee0,0x0000000743800000)
 Metaspace       used 22939K, capacity 23410K, committed 23552K, reserved 1069056K
  class space    used 3131K, capacity 3272K, committed 3328K, reserved 1048576K
}
Event: 1080.703 GC heap before
{Heap before GC invocations=22 (full 3):
 PSYoungGen      total 40960K, used 34051K [0x0000000795580000, 0x0000000798c00000, 0x00000007c0000000)
  eden space 27136K, 93% used [0x0000000795580000,0x0000000796e419f8,0x0000000797000000)
  from space 13824K, 62% used [0x0000000797e00000,0x000000079867f228,0x0000000798b80000)
  to   space 14336K, 0% used [0x0000000797000000,0x0000000797000000,0x0000000797e00000)
 ParOldGen       total 57344K, used 27511K [0x0000000740000000, 0x0000000743800000, 0x0000000795580000)
  object space 57344K, 47% used [0x0000000740000000,0x0000000741addee0,0x0000000743800000)
 Metaspace       used 22952K, capacity 23474K, committed 23808K, reserved 1069056K
  class space    used 3131K, capacity 3272K, committed 3328K, reserved 1048576K
Event: 1080.726 GC heap after
Heap after GC invocations=22 (full 3):
 PSYoungGen      total 30208K, used 3288K [0x0000000795580000, 0x0000000798a80000, 0x00000007c0000000)
  eden space 26624K, 0% used [0x0000000795580000,0x0000000795580000,0x0000000796f80000)
  from space 3584K, 91% used [0x0000000797000000,0x00000007973362b8,0x0000000797380000)
  to   space 13824K, 0% used [0x0000000797d00000,0x0000000797d00000,0x0000000798a80000)
 ParOldGen       total 57344K, used 27511K [0x0000000740000000, 0x0000000743800000, 0x0000000795580000)
  object space 57344K, 47% used [0x0000000740000000,0x0000000741addee0,0x0000000743800000)
 Metaspace       used 22952K, capacity 23474K, committed 23808K, reserved 1069056K
  class space    used 3131K, capacity 3272K, committed 3328K, reserved 1048576K
}
Event: 1141.258 GC heap before
{Heap before GC invocations=23 (full 3):
 PSYoungGen      total 30208K, used 29785K [0x0000000795580000, 0x0000000798a80000, 0x00000007c0000000)
  eden space 26624K, 99% used [0x0000000795580000,0x0000000796f60530,0x0000000796f80000)
  from space 3584K, 91% used [0x0000000797000000,0x00000007973362b8,0x0000000797380000)
  to   space 13824K, 0% used [0x0000000797d00000,0x0000000797d00000,0x0000000798a80000)
 ParOldGen       total 57344K, used 27511K [0x0000000740000000, 0x0000000743800000, 0x0000000795580000)
  object space 57344K, 47% used [0x0000000740000000,0x0000000741addee0,0x0000000743800000)
 Metaspace       used 22962K, capacity 23474K, committed 23808K, reserved 1069056K
  class space    used 3131K, capacity 3272K, committed 3328K, reserved 1048576K
Event: 1141.262 GC heap after
Heap after GC invocations=23 (full 3):
 PSYoungGen      total 39424K, used 3468K [0x0000000795580000, 0x0000000798a00000, 0x00000007c0000000)
  eden space 26112K, 0% used [0x0000000795580000,0x0000000795580000,0x0000000796f00000)
  from space 13312K, 26% used [0x0000000797d00000,0x0000000798063140,0x0000000798a00000)
  to   space 13824K, 0% used [0x0000000796f00000,0x0000000796f00000,0x0000000797c80000)
 ParOldGen       total 57344K, used 27519K [0x0000000740000000, 0x0000000743800000, 0x0000000795580000)
  object space 57344K, 47% used [0x0000000740000000,0x0000000741adfee0,0x0000000743800000)
 Metaspace       used 22962K, capacity 23474K, committed 23808K, reserved 1069056K
  class space    used 3131K, capacity 3272K, committed 3328K, reserved 1048576K
}

