# JRE version: Java(TM) SE Runtime Environment (8.0_251-b08) (build 1.8.0_251-b08)
# Java VM: Java HotSpot(TM) 64-Bit Server VM (25.251-b08 mixed mode bsd-amd64 compressed oops)
Heap:
 PSYoungGen      total 30208K, used 10350K [0x0000000795580000, 0x0000000798a00000, 0x00000007c0000000)
  eden space 23040K, 13% used [0x0000000795580000,0x00000007958a0498,0x0000000796c00000)
  from space 7168K, 99% used [0x0000000796c00000,0x00000007972fb480,0x0000000797300000)
  to   space 15360K, 0% used [0x0000000797b00000,0x0000000797b00000,0x0000000798a00000)
 ParOldGen       total 50688K, used 13675K [0x0000000740000000, 0x0000000743180000, 0x0000000795580000)
  object space 50688K, 26% used [0x0000000740000000,0x0000000740d5ad68,0x0000000743180000)
 Metaspace       used 23067K, capacity 23560K, committed 23808K, reserved 1069056K
  class space    used 3134K, capacity 3273K, committed 3328K, reserved 1048576K
GC Heap History (10 events):
Event: 5779.601 GC heap before
{Heap before GC invocations=36 (full 3):
 PSYoungGen      total 38912K, used 31494K [0x0000000795580000, 0x0000000798c00000, 0x00000007c0000000)
  eden space 23040K, 100% used [0x0000000795580000,0x0000000796c00000,0x0000000796c00000)
  from space 15872K, 53% used [0x0000000797c80000,0x00000007984c1a18,0x0000000798c00000)
  to   space 16384K, 0% used [0x0000000796c00000,0x0000000796c00000,0x0000000797c00000)
 ParOldGen       total 50688K, used 12811K [0x0000000740000000, 0x0000000743180000, 0x0000000795580000)
  object space 50688K, 25% used [0x0000000740000000,0x0000000740c82d68,0x0000000743180000)
 Metaspace       used 23053K, capacity 23560K, committed 23808K, reserved 1069056K
  class space    used 3134K, capacity 3273K, committed 3328K, reserved 1048576K
Event: 5779.606 GC heap after
Heap after GC invocations=36 (full 3):
 PSYoungGen      total 32256K, used 8709K [0x0000000795580000, 0x0000000798b00000, 0x00000007c0000000)
  eden space 23040K, 0% used [0x0000000795580000,0x0000000795580000,0x0000000796c00000)
  from space 9216K, 94% used [0x0000000796c00000,0x00000007974815a0,0x0000000797500000)
  to   space 15872K, 0% used [0x0000000797b80000,0x0000000797b80000,0x0000000798b00000)
 ParOldGen       total 50688K, used 13043K [0x0000000740000000, 0x0000000743180000, 0x0000000795580000)
  object space 50688K, 25% used [0x0000000740000000,0x0000000740cbcd68,0x0000000743180000)
 Metaspace       used 23053K, capacity 23560K, committed 23808K, reserved 1069056K
  class space    used 3134K, capacity 3273K, committed 3328K, reserved 1048576K
}
Event: 5813.310 GC heap before
{Heap before GC invocations=37 (full 3):
 PSYoungGen      total 32256K, used 31749K [0x0000000795580000, 0x0000000798b00000, 0x00000007c0000000)
  eden space 23040K, 100% used [0x0000000795580000,0x0000000796c00000,0x0000000796c00000)
  from space 9216K, 94% used [0x0000000796c00000,0x00000007974815a0,0x0000000797500000)
  to   space 15872K, 0% used [0x0000000797b80000,0x0000000797b80000,0x0000000798b00000)
 ParOldGen       total 50688K, used 13043K [0x0000000740000000, 0x0000000743180000, 0x0000000795580000)
  object space 50688K, 25% used [0x0000000740000000,0x0000000740cbcd68,0x0000000743180000)
 Metaspace       used 23054K, capacity 23560K, committed 23808K, reserved 1069056K
  class space    used 3134K, capacity 3273K, committed 3328K, reserved 1048576K
Event: 5813.314 GC heap after
Heap after GC invocations=37 (full 3):
 PSYoungGen      total 38912K, used 6539K [0x0000000795580000, 0x0000000798b00000, 0x00000007c0000000)
  eden space 23040K, 0% used [0x0000000795580000,0x0000000795580000,0x0000000796c00000)
  from space 15872K, 41% used [0x0000000797b80000,0x00000007981e2eb8,0x0000000798b00000)
  to   space 15872K, 0% used [0x0000000796c00000,0x0000000796c00000,0x0000000797b80000)
 ParOldGen       total 50688K, used 13163K [0x0000000740000000, 0x0000000743180000, 0x0000000795580000)
  object space 50688K, 25% used [0x0000000740000000,0x0000000740cdad68,0x0000000743180000)
 Metaspace       used 23054K, capacity 23560K, committed 23808K, reserved 1069056K
  class space    used 3134K, capacity 3273K, committed 3328K, reserved 1048576K
}
Event: 5820.660 GC heap before
{Heap before GC invocations=38 (full 3):
 PSYoungGen      total 38912K, used 29579K [0x0000000795580000, 0x0000000798b00000, 0x00000007c0000000)
  eden space 23040K, 100% used [0x0000000795580000,0x0000000796c00000,0x0000000796c00000)
  from space 15872K, 41% used [0x0000000797b80000,0x00000007981e2eb8,0x0000000798b00000)
  to   space 15872K, 0% used [0x0000000796c00000,0x0000000796c00000,0x0000000797b80000)
 ParOldGen       total 50688K, used 13163K [0x0000000740000000, 0x0000000743180000, 0x0000000795580000)
  object space 50688K, 25% used [0x0000000740000000,0x0000000740cdad68,0x0000000743180000)
 Metaspace       used 23060K, capacity 23560K, committed 23808K, reserved 1069056K
  class space    used 3134K, capacity 3273K, committed 3328K, reserved 1048576K
Event: 5820.664 GC heap after
Heap after GC invocations=38 (full 3):
 PSYoungGen      total 38912K, used 6265K [0x0000000795580000, 0x0000000798b00000, 0x00000007c0000000)
  eden space 23040K, 0% used [0x0000000795580000,0x0000000795580000,0x0000000796c00000)
  from space 15872K, 39% used [0x0000000796c00000,0x000000079721e520,0x0000000797b80000)
  to   space 15872K, 0% used [0x0000000797b80000,0x0000000797b80000,0x0000000798b00000)
 ParOldGen       total 50688K, used 13499K [0x0000000740000000, 0x0000000743180000, 0x0000000795580000)
  object space 50688K, 26% used [0x0000000740000000,0x0000000740d2ed68,0x0000000743180000)
 Metaspace       used 23060K, capacity 23560K, committed 23808K, reserved 1069056K
  class space    used 3134K, capacity 3273K, committed 3328K, reserved 1048576K
}
Event: 5832.262 GC heap before
{Heap before GC invocations=39 (full 3):
 PSYoungGen      total 38912K, used 29305K [0x0000000795580000, 0x0000000798b00000, 0x00000007c0000000)
  eden space 23040K, 100% used [0x0000000795580000,0x0000000796c00000,0x0000000796c00000)
  from space 15872K, 39% used [0x0000000796c00000,0x000000079721e520,0x0000000797b80000)
  to   space 15872K, 0% used [0x0000000797b80000,0x0000000797b80000,0x0000000798b00000)
 ParOldGen       total 50688K, used 13499K [0x0000000740000000, 0x0000000743180000, 0x0000000795580000)
  object space 50688K, 26% used [0x0000000740000000,0x0000000740d2ed68,0x0000000743180000)
 Metaspace       used 23061K, capacity 23560K, committed 23808K, reserved 1069056K
  class space    used 3134K, capacity 3273K, committed 3328K, reserved 1048576K
Event: 5832.266 GC heap after
Heap after GC invocations=39 (full 3):
 PSYoungGen      total 38912K, used 7055K [0x0000000795580000, 0x0000000798b00000, 0x00000007c0000000)
  eden space 23040K, 0% used [0x0000000795580000,0x0000000795580000,0x0000000796c00000)
  from space 15872K, 44% used [0x0000000797b80000,0x0000000798263ec0,0x0000000798b00000)
  to   space 15872K, 0% used [0x0000000796c00000,0x0000000796c00000,0x0000000797b80000)
 ParOldGen       total 50688K, used 13579K [0x0000000740000000, 0x0000000743180000, 0x0000000795580000)
  object space 50688K, 26% used [0x0000000740000000,0x0000000740d42d68,0x0000000743180000)
 Metaspace       used 23061K, capacity 23560K, committed 23808K, reserved 1069056K
  class space    used 3134K, capacity 3273K, committed 3328K, reserved 1048576K
}
Event: 5854.395 GC heap before
{Heap before GC invocations=40 (full 3):
 PSYoungGen      total 38912K, used 30095K [0x0000000795580000, 0x0000000798b00000, 0x00000007c0000000)
  eden space 23040K, 100% used [0x0000000795580000,0x0000000796c00000,0x0000000796c00000)
  from space 15872K, 44% used [0x0000000797b80000,0x0000000798263ec0,0x0000000798b00000)
  to   space 15872K, 0% used [0x0000000796c00000,0x0000000796c00000,0x0000000797b80000)
 ParOldGen       total 50688K, used 13579K [0x0000000740000000, 0x0000000743180000, 0x0000000795580000)
  object space 50688K, 26% used [0x0000000740000000,0x0000000740d42d68,0x0000000743180000)
 Metaspace       used 23065K, capacity 23560K, committed 23808K, reserved 1069056K
  class space    used 3134K, capacity 3273K, committed 3328K, reserved 1048576K
Event: 5854.399 GC heap after
Heap after GC invocations=40 (full 3):
 PSYoungGen      total 30208K, used 7149K [0x0000000795580000, 0x0000000798a00000, 0x00000007c0000000)
  eden space 23040K, 0% used [0x0000000795580000,0x0000000795580000,0x0000000796c00000)
  from space 7168K, 99% used [0x0000000796c00000,0x00000007972fb480,0x0000000797300000)
  to   space 15360K, 0% used [0x0000000797b00000,0x0000000797b00000,0x0000000798a00000)
 ParOldGen       total 50688K, used 13675K [0x0000000740000000, 0x0000000743180000, 0x0000000795580000)
  object space 50688K, 26% used [0x0000000740000000,0x0000000740d5ad68,0x0000000743180000)
 Metaspace       used 23065K, capacity 23560K, committed 23808K, reserved 1069056K
  class space    used 3134K, capacity 3273K, committed 3328K, reserved 1048576K
}

