# JRE version: Java(TM) SE Runtime Environment (8.0_251-b08) (build 1.8.0_251-b08)
# Java VM: Java HotSpot(TM) 64-Bit Server VM (25.251-b08 mixed mode bsd-amd64 compressed oops)
Heap:
 PSYoungGen      total 35840K, used 6868K [0x0000000795580000, 0x0000000798200000, 0x00000007c0000000)
  eden space 31232K, 7% used [0x0000000795580000,0x00000007957c59d8,0x0000000797400000)
  from space 4608K, 98% used [0x0000000797480000,0x00000007978ef920,0x0000000797900000)
  to   space 7168K, 0% used [0x0000000797b00000,0x0000000797b00000,0x0000000798200000)
 ParOldGen       total 52224K, used 10750K [0x0000000740000000, 0x0000000743300000, 0x0000000795580000)
  object space 52224K, 20% used [0x0000000740000000,0x0000000740a7f8f8,0x0000000743300000)
 Metaspace       used 22508K, capacity 22972K, committed 23168K, reserved 1069056K
  class space    used 3242K, capacity 3367K, committed 3456K, reserved 1048576K
GC Heap History (10 events):
Event: 279.727 GC heap before
{Heap before GC invocations=11 (full 3):
 PSYoungGen      total 37888K, used 36383K [0x0000000795580000, 0x0000000798480000, 0x00000007c0000000)
  eden space 32768K, 99% used [0x0000000795580000,0x000000079754f670,0x0000000797580000)
  from space 5120K, 74% used [0x0000000797600000,0x00000007979b86c8,0x0000000797b00000)
  to   space 7680K, 0% used [0x0000000797d00000,0x0000000797d00000,0x0000000798480000)
 ParOldGen       total 52224K, used 15322K [0x0000000740000000, 0x0000000743300000, 0x0000000795580000)
  object space 52224K, 29% used [0x0000000740000000,0x0000000740ef6880,0x0000000743300000)
 Metaspace       used 21421K, capacity 21918K, committed 22272K, reserved 1069056K
  class space    used 3085K, capacity 3234K, committed 3328K, reserved 1048576K
Event: 279.730 GC heap after
Heap after GC invocations=11 (full 3):
 PSYoungGen      total 38400K, used 3841K [0x0000000795580000, 0x0000000798300000, 0x00000007c0000000)
  eden space 32256K, 0% used [0x0000000795580000,0x0000000795580000,0x0000000797500000)
  from space 6144K, 62% used [0x0000000797d00000,0x00000007980c06c8,0x0000000798300000)
  to   space 7168K, 0% used [0x0000000797500000,0x0000000797500000,0x0000000797c00000)
 ParOldGen       total 52224K, used 15322K [0x0000000740000000, 0x0000000743300000, 0x0000000795580000)
  object space 52224K, 29% used [0x0000000740000000,0x0000000740ef6880,0x0000000743300000)
 Metaspace       used 21421K, capacity 21918K, committed 22272K, reserved 1069056K
  class space    used 3085K, capacity 3234K, committed 3328K, reserved 1048576K
}
Event: 319.896 GC heap before
{Heap before GC invocations=12 (full 3):
 PSYoungGen      total 38400K, used 34650K [0x0000000795580000, 0x0000000798300000, 0x00000007c0000000)
  eden space 32256K, 95% used [0x0000000795580000,0x00000007973963b8,0x0000000797500000)
  from space 6144K, 62% used [0x0000000797d00000,0x00000007980c06c8,0x0000000798300000)
  to   space 7168K, 0% used [0x0000000797500000,0x0000000797500000,0x0000000797c00000)
 ParOldGen       total 52224K, used 15322K [0x0000000740000000, 0x0000000743300000, 0x0000000795580000)
  object space 52224K, 29% used [0x0000000740000000,0x0000000740ef6880,0x0000000743300000)
 Metaspace       used 21427K, capacity 21918K, committed 22272K, reserved 1069056K
  class space    used 3085K, capacity 3234K, committed 3328K, reserved 1048576K
Event: 319.900 GC heap after
Heap after GC invocations=12 (full 3):
 PSYoungGen      total 35840K, used 3809K [0x0000000795580000, 0x0000000798280000, 0x00000007c0000000)
  eden space 31744K, 0% used [0x0000000795580000,0x0000000795580000,0x0000000797480000)
  from space 4096K, 93% used [0x0000000797500000,0x00000007978b86c8,0x0000000797900000)
  to   space 7168K, 0% used [0x0000000797b80000,0x0000000797b80000,0x0000000798280000)
 ParOldGen       total 52224K, used 15322K [0x0000000740000000, 0x0000000743300000, 0x0000000795580000)
  object space 52224K, 29% used [0x0000000740000000,0x0000000740ef6880,0x0000000743300000)
 Metaspace       used 21427K, capacity 21918K, committed 22272K, reserved 1069056K
  class space    used 3085K, capacity 3234K, committed 3328K, reserved 1048576K
}
Event: 353.272 GC heap before
{Heap before GC invocations=13 (full 3):
 PSYoungGen      total 35840K, used 23654K [0x0000000795580000, 0x0000000798280000, 0x00000007c0000000)
  eden space 31744K, 62% used [0x0000000795580000,0x00000007968e1240,0x0000000797480000)
  from space 4096K, 93% used [0x0000000797500000,0x00000007978b86c8,0x0000000797900000)
  to   space 7168K, 0% used [0x0000000797b80000,0x0000000797b80000,0x0000000798280000)
 ParOldGen       total 52224K, used 15322K [0x0000000740000000, 0x0000000743300000, 0x0000000795580000)
  object space 52224K, 29% used [0x0000000740000000,0x0000000740ef6880,0x0000000743300000)
 Metaspace       used 21635K, capacity 22116K, committed 22528K, reserved 1069056K
  class space    used 3094K, capacity 3235K, committed 3328K, reserved 1048576K
Event: 353.275 GC heap after
Heap after GC invocations=13 (full 3):
 PSYoungGen      total 38912K, used 5164K [0x0000000795580000, 0x0000000798280000, 0x00000007c0000000)
  eden space 31744K, 0% used [0x0000000795580000,0x0000000795580000,0x0000000797480000)
  from space 7168K, 72% used [0x0000000797b80000,0x000000079808b098,0x0000000798280000)
  to   space 7168K, 0% used [0x0000000797480000,0x0000000797480000,0x0000000797b80000)
 ParOldGen       total 52224K, used 15330K [0x0000000740000000, 0x0000000743300000, 0x0000000795580000)
  object space 52224K, 29% used [0x0000000740000000,0x0000000740ef8880,0x0000000743300000)
 Metaspace       used 21635K, capacity 22116K, committed 22528K, reserved 1069056K
  class space    used 3094K, capacity 3235K, committed 3328K, reserved 1048576K
}
Event: 353.275 GC heap before
{Heap before GC invocations=14 (full 4):
 PSYoungGen      total 38912K, used 5164K [0x0000000795580000, 0x0000000798280000, 0x00000007c0000000)
  eden space 31744K, 0% used [0x0000000795580000,0x0000000795580000,0x0000000797480000)
  from space 7168K, 72% used [0x0000000797b80000,0x000000079808b098,0x0000000798280000)
  to   space 7168K, 0% used [0x0000000797480000,0x0000000797480000,0x0000000797b80000)
 ParOldGen       total 52224K, used 15330K [0x0000000740000000, 0x0000000743300000, 0x0000000795580000)
  object space 52224K, 29% used [0x0000000740000000,0x0000000740ef8880,0x0000000743300000)
 Metaspace       used 21635K, capacity 22116K, committed 22528K, reserved 1069056K
  class space    used 3094K, capacity 3235K, committed 3328K, reserved 1048576K
Event: 353.343 GC heap after
Heap after GC invocations=14 (full 4):
 PSYoungGen      total 38912K, used 0K [0x0000000795580000, 0x0000000798280000, 0x00000007c0000000)
  eden space 31744K, 0% used [0x0000000795580000,0x0000000795580000,0x0000000797480000)
  from space 7168K, 0% used [0x0000000797b80000,0x0000000797b80000,0x0000000798280000)
  to   space 7168K, 0% used [0x0000000797480000,0x0000000797480000,0x0000000797b80000)
 ParOldGen       total 52224K, used 10742K [0x0000000740000000, 0x0000000743300000, 0x0000000795580000)
  object space 52224K, 20% used [0x0000000740000000,0x0000000740a7d8f8,0x0000000743300000)
 Metaspace       used 21635K, capacity 22116K, committed 22528K, reserved 1069056K
  class space    used 3094K, capacity 3235K, committed 3328K, reserved 1048576K
}
Event: 356.166 GC heap before
{Heap before GC invocations=15 (full 4):
 PSYoungGen      total 38912K, used 31184K [0x0000000795580000, 0x0000000798280000, 0x00000007c0000000)
  eden space 31744K, 98% used [0x0000000795580000,0x00000007973f4338,0x0000000797480000)
  from space 7168K, 0% used [0x0000000797b80000,0x0000000797b80000,0x0000000798280000)
  to   space 7168K, 0% used [0x0000000797480000,0x0000000797480000,0x0000000797b80000)
 ParOldGen       total 52224K, used 10742K [0x0000000740000000, 0x0000000743300000, 0x0000000795580000)
  object space 52224K, 20% used [0x0000000740000000,0x0000000740a7d8f8,0x0000000743300000)
 Metaspace       used 22493K, capacity 22972K, committed 23168K, reserved 1069056K
  class space    used 3240K, capacity 3367K, committed 3456K, reserved 1048576K
Event: 356.168 GC heap after
Heap after GC invocations=15 (full 4):
 PSYoungGen      total 35840K, used 4542K [0x0000000795580000, 0x0000000798200000, 0x00000007c0000000)
  eden space 31232K, 0% used [0x0000000795580000,0x0000000795580000,0x0000000797400000)
  from space 4608K, 98% used [0x0000000797480000,0x00000007978ef920,0x0000000797900000)
  to   space 7168K, 0% used [0x0000000797b00000,0x0000000797b00000,0x0000000798200000)
 ParOldGen       total 52224K, used 10750K [0x0000000740000000, 0x0000000743300000, 0x0000000795580000)
  object space 52224K, 20% used [0x0000000740000000,0x0000000740a7f8f8,0x0000000743300000)
 Metaspace       used 22493K, capacity 22972K, committed 23168K, reserved 1069056K
  class space    used 3240K, capacity 3367K, committed 3456K, reserved 1048576K
}

