# JRE version: Java(TM) SE Runtime Environment (8.0_251-b08) (build 1.8.0_251-b08)
# Java VM: Java HotSpot(TM) 64-Bit Server VM (25.251-b08 mixed mode bsd-amd64 compressed oops)
Heap:
 PSYoungGen      total 39936K, used 27678K [0x0000000795580000, 0x0000000798a80000, 0x00000007c0000000)
  eden space 26624K, 65% used [0x0000000795580000,0x000000079668e368,0x0000000796f80000)
  from space 13312K, 76% used [0x0000000797000000,0x00000007979f9598,0x0000000797d00000)
  to   space 13824K, 0% used [0x0000000797d00000,0x0000000797d00000,0x0000000798a80000)
 ParOldGen       total 52224K, used 11870K [0x0000000740000000, 0x0000000743300000, 0x0000000795580000)
  object space 52224K, 22% used [0x0000000740000000,0x0000000740b97928,0x0000000743300000)
 Metaspace       used 23559K, capacity 24004K, committed 24192K, reserved 1071104K
  class space    used 3271K, capacity 3407K, committed 3456K, reserved 1048576K
GC Heap History (10 events):
Event: 1230.917 GC heap before
{Heap before GC invocations=20 (full 5):
 PSYoungGen      total 40448K, used 34085K [0x0000000795580000, 0x0000000798c00000, 0x00000007c0000000)
  eden space 29184K, 100% used [0x0000000795580000,0x0000000797200000,0x0000000797200000)
  from space 11264K, 43% used [0x0000000798100000,0x00000007985c95e0,0x0000000798c00000)
  to   space 13312K, 0% used [0x0000000797200000,0x0000000797200000,0x0000000797f00000)
 ParOldGen       total 52224K, used 11846K [0x0000000740000000, 0x0000000743300000, 0x0000000795580000)
  object space 52224K, 22% used [0x0000000740000000,0x0000000740b91928,0x0000000743300000)
 Metaspace       used 23313K, capacity 23810K, committed 23936K, reserved 1069056K
  class space    used 3268K, capacity 3406K, committed 3456K, reserved 1048576K
Event: 1230.921 GC heap after
Heap after GC invocations=20 (full 5):
 PSYoungGen      total 35328K, used 6156K [0x0000000795580000, 0x0000000798a80000, 0x00000007c0000000)
  eden space 28672K, 0% used [0x0000000795580000,0x0000000795580000,0x0000000797180000)
  from space 6656K, 92% used [0x0000000797200000,0x0000000797803148,0x0000000797880000)
  to   space 12800K, 0% used [0x0000000797e00000,0x0000000797e00000,0x0000000798a80000)
 ParOldGen       total 52224K, used 11846K [0x0000000740000000, 0x0000000743300000, 0x0000000795580000)
  object space 52224K, 22% used [0x0000000740000000,0x0000000740b91928,0x0000000743300000)
 Metaspace       used 23313K, capacity 23810K, committed 23936K, reserved 1069056K
  class space    used 3268K, capacity 3406K, committed 3456K, reserved 1048576K
}
Event: 1231.515 GC heap before
{Heap before GC invocations=21 (full 5):
 PSYoungGen      total 35328K, used 34364K [0x0000000795580000, 0x0000000798a80000, 0x00000007c0000000)
  eden space 28672K, 98% used [0x0000000795580000,0x000000079710c140,0x0000000797180000)
  from space 6656K, 92% used [0x0000000797200000,0x0000000797803148,0x0000000797880000)
  to   space 12800K, 0% used [0x0000000797e00000,0x0000000797e00000,0x0000000798a80000)
 ParOldGen       total 52224K, used 11846K [0x0000000740000000, 0x0000000743300000, 0x0000000795580000)
  object space 52224K, 22% used [0x0000000740000000,0x0000000740b91928,0x0000000743300000)
 Metaspace       used 23386K, capacity 23876K, committed 24192K, reserved 1071104K
  class space    used 3270K, capacity 3407K, committed 3456K, reserved 1048576K
Event: 1231.523 GC heap after
Heap after GC invocations=21 (full 5):
 PSYoungGen      total 40960K, used 9164K [0x0000000795580000, 0x0000000798b00000, 0x00000007c0000000)
  eden space 28160K, 0% used [0x0000000795580000,0x0000000795580000,0x0000000797100000)
  from space 12800K, 71% used [0x0000000797e00000,0x00000007986f3010,0x0000000798a80000)
  to   space 13312K, 0% used [0x0000000797100000,0x0000000797100000,0x0000000797e00000)
 ParOldGen       total 52224K, used 11854K [0x0000000740000000, 0x0000000743300000, 0x0000000795580000)
  object space 52224K, 22% used [0x0000000740000000,0x0000000740b93928,0x0000000743300000)
 Metaspace       used 23386K, capacity 23876K, committed 24192K, reserved 1071104K
  class space    used 3270K, capacity 3407K, committed 3456K, reserved 1048576K
}
Event: 1261.615 GC heap before
{Heap before GC invocations=22 (full 5):
 PSYoungGen      total 40960K, used 36109K [0x0000000795580000, 0x0000000798b00000, 0x00000007c0000000)
  eden space 28160K, 95% used [0x0000000795580000,0x0000000796fd03f8,0x0000000797100000)
  from space 12800K, 71% used [0x0000000797e00000,0x00000007986f3010,0x0000000798a80000)
  to   space 13312K, 0% used [0x0000000797100000,0x0000000797100000,0x0000000797e00000)
 ParOldGen       total 52224K, used 11854K [0x0000000740000000, 0x0000000743300000, 0x0000000795580000)
  object space 52224K, 22% used [0x0000000740000000,0x0000000740b93928,0x0000000743300000)
 Metaspace       used 23415K, capacity 23876K, committed 24192K, reserved 1071104K
  class space    used 3270K, capacity 3407K, committed 3456K, reserved 1048576K
Event: 1261.621 GC heap after
Heap after GC invocations=22 (full 5):
 PSYoungGen      total 36352K, used 8316K [0x0000000795580000, 0x0000000798a80000, 0x00000007c0000000)
  eden space 27648K, 0% used [0x0000000795580000,0x0000000795580000,0x0000000797080000)
  from space 8704K, 95% used [0x0000000797100000,0x000000079791f1b0,0x0000000797980000)
  to   space 13312K, 0% used [0x0000000797d80000,0x0000000797d80000,0x0000000798a80000)
 ParOldGen       total 52224K, used 11854K [0x0000000740000000, 0x0000000743300000, 0x0000000795580000)
  object space 52224K, 22% used [0x0000000740000000,0x0000000740b93928,0x0000000743300000)
 Metaspace       used 23415K, capacity 23876K, committed 24192K, reserved 1071104K
  class space    used 3270K, capacity 3407K, committed 3456K, reserved 1048576K
}
Event: 1316.195 GC heap before
{Heap before GC invocations=23 (full 5):
 PSYoungGen      total 36352K, used 35801K [0x0000000795580000, 0x0000000798a80000, 0x00000007c0000000)
  eden space 27648K, 99% used [0x0000000795580000,0x0000000797057420,0x0000000797080000)
  from space 8704K, 95% used [0x0000000797100000,0x000000079791f1b0,0x0000000797980000)
  to   space 13312K, 0% used [0x0000000797d80000,0x0000000797d80000,0x0000000798a80000)
 ParOldGen       total 52224K, used 11854K [0x0000000740000000, 0x0000000743300000, 0x0000000795580000)
  object space 52224K, 22% used [0x0000000740000000,0x0000000740b93928,0x0000000743300000)
 Metaspace       used 23472K, capacity 23940K, committed 24192K, reserved 1071104K
  class space    used 3271K, capacity 3407K, committed 3456K, reserved 1048576K
Event: 1316.205 GC heap after
Heap after GC invocations=23 (full 5):
 PSYoungGen      total 39936K, used 9278K [0x0000000795580000, 0x0000000798a00000, 0x00000007c0000000)
  eden space 27136K, 0% used [0x0000000795580000,0x0000000795580000,0x0000000797000000)
  from space 12800K, 72% used [0x0000000797d80000,0x000000079868f858,0x0000000798a00000)
  to   space 13312K, 0% used [0x0000000797000000,0x0000000797000000,0x0000000797d00000)
 ParOldGen       total 52224K, used 11862K [0x0000000740000000, 0x0000000743300000, 0x0000000795580000)
  object space 52224K, 22% used [0x0000000740000000,0x0000000740b95928,0x0000000743300000)
 Metaspace       used 23472K, capacity 23940K, committed 24192K, reserved 1071104K
  class space    used 3271K, capacity 3407K, committed 3456K, reserved 1048576K
}
Event: 1423.783 GC heap before
{Heap before GC invocations=24 (full 5):
 PSYoungGen      total 39936K, used 36414K [0x0000000795580000, 0x0000000798a00000, 0x00000007c0000000)
  eden space 27136K, 100% used [0x0000000795580000,0x0000000797000000,0x0000000797000000)
  from space 12800K, 72% used [0x0000000797d80000,0x000000079868f858,0x0000000798a00000)
  to   space 13312K, 0% used [0x0000000797000000,0x0000000797000000,0x0000000797d00000)
 ParOldGen       total 52224K, used 11862K [0x0000000740000000, 0x0000000743300000, 0x0000000795580000)
  object space 52224K, 22% used [0x0000000740000000,0x0000000740b95928,0x0000000743300000)
 Metaspace       used 23511K, capacity 24004K, committed 24192K, reserved 1071104K
  class space    used 3271K, capacity 3407K, committed 3456K, reserved 1048576K
Event: 1423.790 GC heap after
Heap after GC invocations=24 (full 5):
 PSYoungGen      total 39936K, used 10213K [0x0000000795580000, 0x0000000798a80000, 0x00000007c0000000)
  eden space 26624K, 0% used [0x0000000795580000,0x0000000795580000,0x0000000796f80000)
  from space 13312K, 76% used [0x0000000797000000,0x00000007979f9598,0x0000000797d00000)
  to   space 13824K, 0% used [0x0000000797d00000,0x0000000797d00000,0x0000000798a80000)
 ParOldGen       total 52224K, used 11870K [0x0000000740000000, 0x0000000743300000, 0x0000000795580000)
  object space 52224K, 22% used [0x0000000740000000,0x0000000740b97928,0x0000000743300000)
 Metaspace       used 23511K, capacity 24004K, committed 24192K, reserved 1071104K
  class space    used 3271K, capacity 3407K, committed 3456K, reserved 1048576K
}

