# JRE version: Java(TM) SE Runtime Environment (8.0_251-b08) (build 1.8.0_251-b08)
# Java VM: Java HotSpot(TM) 64-Bit Server VM (25.251-b08 mixed mode bsd-amd64 compressed oops)
Heap:
 PSYoungGen      total 39936K, used 38975K [0x0000000795580000, 0x0000000799280000, 0x00000007c0000000)
  eden space 30720K, 96% used [0x0000000795580000,0x0000000797297640,0x0000000797380000)
  from space 9216K, 99% used [0x0000000797400000,0x0000000797cf8970,0x0000000797d00000)
  to   space 15872K, 0% used [0x0000000798300000,0x0000000798300000,0x0000000799280000)
 ParOldGen       total 55296K, used 18129K [0x0000000740000000, 0x0000000743600000, 0x0000000795580000)
  object space 55296K, 32% used [0x0000000740000000,0x00000007411b4440,0x0000000743600000)
 Metaspace       used 22188K, capacity 22636K, committed 22784K, reserved 1069056K
  class space    used 3088K, capacity 3235K, committed 3328K, reserved 1048576K
GC Heap History (10 events):
Event: 393.478 GC heap before
{Heap before GC invocations=10 (full 3):
 PSYoungGen      total 38400K, used 37639K [0x0000000795580000, 0x0000000798000000, 0x00000007c0000000)
  eden space 33280K, 100% used [0x0000000795580000,0x0000000797600000,0x0000000797600000)
  from space 5120K, 85% used [0x0000000797b00000,0x0000000797f41de0,0x0000000798000000)
  to   space 5120K, 0% used [0x0000000797600000,0x0000000797600000,0x0000000797b00000)
 ParOldGen       total 55296K, used 14543K [0x0000000740000000, 0x0000000743600000, 0x0000000795580000)
  object space 55296K, 26% used [0x0000000740000000,0x0000000740e33c00,0x0000000743600000)
 Metaspace       used 21786K, capacity 22244K, committed 22528K, reserved 1069056K
  class space    used 3087K, capacity 3235K, committed 3328K, reserved 1048576K
Event: 393.481 GC heap after
Heap after GC invocations=10 (full 3):
 PSYoungGen      total 37888K, used 4368K [0x0000000795580000, 0x0000000799380000, 0x00000007c0000000)
  eden space 32768K, 0% used [0x0000000795580000,0x0000000795580000,0x0000000797580000)
  from space 5120K, 85% used [0x0000000797600000,0x0000000797a443d0,0x0000000797b00000)
  to   space 15360K, 0% used [0x0000000798480000,0x0000000798480000,0x0000000799380000)
 ParOldGen       total 55296K, used 18105K [0x0000000740000000, 0x0000000743600000, 0x0000000795580000)
  object space 55296K, 32% used [0x0000000740000000,0x00000007411ae440,0x0000000743600000)
 Metaspace       used 21786K, capacity 22244K, committed 22528K, reserved 1069056K
  class space    used 3087K, capacity 3235K, committed 3328K, reserved 1048576K
}
Event: 400.880 GC heap before
{Heap before GC invocations=11 (full 3):
 PSYoungGen      total 37888K, used 35611K [0x0000000795580000, 0x0000000799380000, 0x00000007c0000000)
  eden space 32768K, 95% used [0x0000000795580000,0x0000000797402850,0x0000000797580000)
  from space 5120K, 85% used [0x0000000797600000,0x0000000797a443d0,0x0000000797b00000)
  to   space 15360K, 0% used [0x0000000798480000,0x0000000798480000,0x0000000799380000)
 ParOldGen       total 55296K, used 18105K [0x0000000740000000, 0x0000000743600000, 0x0000000795580000)
  object space 55296K, 32% used [0x0000000740000000,0x00000007411ae440,0x0000000743600000)
 Metaspace       used 21804K, capacity 22244K, committed 22528K, reserved 1069056K
  class space    used 3087K, capacity 3235K, committed 3328K, reserved 1048576K
Event: 400.888 GC heap after
Heap after GC invocations=11 (full 3):
 PSYoungGen      total 47616K, used 9815K [0x0000000795580000, 0x0000000799400000, 0x00000007c0000000)
  eden space 32256K, 0% used [0x0000000795580000,0x0000000795580000,0x0000000797500000)
  from space 15360K, 63% used [0x0000000798480000,0x0000000798e15d88,0x0000000799380000)
  to   space 15872K, 0% used [0x0000000797500000,0x0000000797500000,0x0000000798480000)
 ParOldGen       total 55296K, used 18105K [0x0000000740000000, 0x0000000743600000, 0x0000000795580000)
  object space 55296K, 32% used [0x0000000740000000,0x00000007411ae440,0x0000000743600000)
 Metaspace       used 21804K, capacity 22244K, committed 22528K, reserved 1069056K
  class space    used 3087K, capacity 3235K, committed 3328K, reserved 1048576K
}
Event: 432.339 GC heap before
{Heap before GC invocations=12 (full 3):
 PSYoungGen      total 47616K, used 42071K [0x0000000795580000, 0x0000000799400000, 0x00000007c0000000)
  eden space 32256K, 100% used [0x0000000795580000,0x0000000797500000,0x0000000797500000)
  from space 15360K, 63% used [0x0000000798480000,0x0000000798e15d88,0x0000000799380000)
  to   space 15872K, 0% used [0x0000000797500000,0x0000000797500000,0x0000000798480000)
 ParOldGen       total 55296K, used 18105K [0x0000000740000000, 0x0000000743600000, 0x0000000795580000)
  object space 55296K, 32% used [0x0000000740000000,0x00000007411ae440,0x0000000743600000)
 Metaspace       used 21924K, capacity 22372K, committed 22528K, reserved 1069056K
  class space    used 3087K, capacity 3235K, committed 3328K, reserved 1048576K
Event: 432.342 GC heap after
Heap after GC invocations=12 (full 3):
 PSYoungGen      total 41472K, used 9221K [0x0000000795580000, 0x0000000799380000, 0x00000007c0000000)
  eden space 31744K, 0% used [0x0000000795580000,0x0000000795580000,0x0000000797480000)
  from space 9728K, 94% used [0x0000000797500000,0x0000000797e01468,0x0000000797e80000)
  to   space 15872K, 0% used [0x0000000798400000,0x0000000798400000,0x0000000799380000)
 ParOldGen       total 55296K, used 18113K [0x0000000740000000, 0x0000000743600000, 0x0000000795580000)
  object space 55296K, 32% used [0x0000000740000000,0x00000007411b0440,0x0000000743600000)
 Metaspace       used 21924K, capacity 22372K, committed 22528K, reserved 1069056K
  class space    used 3087K, capacity 3235K, committed 3328K, reserved 1048576K
}
Event: 509.173 GC heap before
{Heap before GC invocations=13 (full 3):
 PSYoungGen      total 41472K, used 40965K [0x0000000795580000, 0x0000000799380000, 0x00000007c0000000)
  eden space 31744K, 100% used [0x0000000795580000,0x0000000797480000,0x0000000797480000)
  from space 9728K, 94% used [0x0000000797500000,0x0000000797e01468,0x0000000797e80000)
  to   space 15872K, 0% used [0x0000000798400000,0x0000000798400000,0x0000000799380000)
 ParOldGen       total 55296K, used 18113K [0x0000000740000000, 0x0000000743600000, 0x0000000795580000)
  object space 55296K, 32% used [0x0000000740000000,0x00000007411b0440,0x0000000743600000)
 Metaspace       used 22061K, capacity 22572K, committed 22784K, reserved 1069056K
  class space    used 3088K, capacity 3235K, committed 3328K, reserved 1048576K
Event: 509.177 GC heap after
Heap after GC invocations=13 (full 3):
 PSYoungGen      total 46592K, used 8926K [0x0000000795580000, 0x0000000799300000, 0x00000007c0000000)
  eden space 31232K, 0% used [0x0000000795580000,0x0000000795580000,0x0000000797400000)
  from space 15360K, 58% used [0x0000000798400000,0x0000000798cb7970,0x0000000799300000)
  to   space 15872K, 0% used [0x0000000797400000,0x0000000797400000,0x0000000798380000)
 ParOldGen       total 55296K, used 18121K [0x0000000740000000, 0x0000000743600000, 0x0000000795580000)
  object space 55296K, 32% used [0x0000000740000000,0x00000007411b2440,0x0000000743600000)
 Metaspace       used 22061K, capacity 22572K, committed 22784K, reserved 1069056K
  class space    used 3088K, capacity 3235K, committed 3328K, reserved 1048576K
}
Event: 573.881 GC heap before
{Heap before GC invocations=14 (full 3):
 PSYoungGen      total 46592K, used 40158K [0x0000000795580000, 0x0000000799300000, 0x00000007c0000000)
  eden space 31232K, 100% used [0x0000000795580000,0x0000000797400000,0x0000000797400000)
  from space 15360K, 58% used [0x0000000798400000,0x0000000798cb7970,0x0000000799300000)
  to   space 15872K, 0% used [0x0000000797400000,0x0000000797400000,0x0000000798380000)
 ParOldGen       total 55296K, used 18121K [0x0000000740000000, 0x0000000743600000, 0x0000000795580000)
  object space 55296K, 32% used [0x0000000740000000,0x00000007411b2440,0x0000000743600000)
 Metaspace       used 22173K, capacity 22636K, committed 22784K, reserved 1069056K
  class space    used 3088K, capacity 3235K, committed 3328K, reserved 1048576K
Event: 573.884 GC heap after
Heap after GC invocations=14 (full 3):
 PSYoungGen      total 39936K, used 9186K [0x0000000795580000, 0x0000000799280000, 0x00000007c0000000)
  eden space 30720K, 0% used [0x0000000795580000,0x0000000795580000,0x0000000797380000)
  from space 9216K, 99% used [0x0000000797400000,0x0000000797cf8970,0x0000000797d00000)
  to   space 15872K, 0% used [0x0000000798300000,0x0000000798300000,0x0000000799280000)
 ParOldGen       total 55296K, used 18129K [0x0000000740000000, 0x0000000743600000, 0x0000000795580000)
  object space 55296K, 32% used [0x0000000740000000,0x00000007411b4440,0x0000000743600000)
 Metaspace       used 22173K, capacity 22636K, committed 22784K, reserved 1069056K
  class space    used 3088K, capacity 3235K, committed 3328K, reserved 1048576K
}

