# JRE version: Java(TM) SE Runtime Environment (8.0_251-b08) (build 1.8.0_251-b08)
# Java VM: Java HotSpot(TM) 64-Bit Server VM (25.251-b08 mixed mode bsd-amd64 compressed oops)
Heap:
 PSYoungGen      total 30208K, used 22307K [0x0000000795580000, 0x0000000797f00000, 0x00000007c0000000)
  eden space 17920K, 88% used [0x0000000795580000,0x0000000796507f80,0x0000000796700000)
  from space 12288K, 52% used [0x0000000796700000,0x0000000796d41030,0x0000000797300000)
  to   space 12288K, 0% used [0x0000000797300000,0x0000000797300000,0x0000000797f00000)
 ParOldGen       total 51712K, used 43237K [0x0000000740000000, 0x0000000743280000, 0x0000000795580000)
  object space 51712K, 83% used [0x0000000740000000,0x0000000742a39638,0x0000000743280000)
 Metaspace       used 24612K, capacity 25182K, committed 25344K, reserved 1071104K
  class space    used 3337K, capacity 3502K, committed 3584K, reserved 1048576K
GC Heap History (10 events):
Event: 8024.722 GC heap before
{Heap before GC invocations=92 (full 7):
 PSYoungGen      total 31744K, used 26687K [0x0000000795580000, 0x0000000798500000, 0x00000007c0000000)
  eden space 17920K, 87% used [0x0000000795580000,0x00000007964e3418,0x0000000796700000)
  from space 13824K, 79% used [0x0000000797580000,0x000000079802c8d0,0x0000000798300000)
  to   space 14848K, 0% used [0x0000000796700000,0x0000000796700000,0x0000000797580000)
 ParOldGen       total 51712K, used 42933K [0x0000000740000000, 0x0000000743280000, 0x0000000795580000)
  object space 51712K, 83% used [0x0000000740000000,0x00000007429ed608,0x0000000743280000)
 Metaspace       used 24380K, capacity 24942K, committed 25344K, reserved 1071104K
  class space    used 3311K, capacity 3464K, committed 3584K, reserved 1048576K
Event: 8024.724 GC heap after
Heap after GC invocations=92 (full 7):
 PSYoungGen      total 20992K, used 2904K [0x0000000795580000, 0x0000000798300000, 0x00000007c0000000)
  eden space 17920K, 0% used [0x0000000795580000,0x0000000795580000,0x0000000796700000)
  from space 3072K, 94% used [0x0000000796700000,0x00000007969d6220,0x0000000796a00000)
  to   space 14336K, 0% used [0x0000000797500000,0x0000000797500000,0x0000000798300000)
 ParOldGen       total 51712K, used 43237K [0x0000000740000000, 0x0000000743280000, 0x0000000795580000)
  object space 51712K, 83% used [0x0000000740000000,0x0000000742a39638,0x0000000743280000)
 Metaspace       used 24380K, capacity 24942K, committed 25344K, reserved 1071104K
  class space    used 3311K, capacity 3464K, committed 3584K, reserved 1048576K
}
Event: 8054.847 GC heap before
{Heap before GC invocations=93 (full 7):
 PSYoungGen      total 20992K, used 20824K [0x0000000795580000, 0x0000000798300000, 0x00000007c0000000)
  eden space 17920K, 100% used [0x0000000795580000,0x0000000796700000,0x0000000796700000)
  from space 3072K, 94% used [0x0000000796700000,0x00000007969d6220,0x0000000796a00000)
  to   space 14336K, 0% used [0x0000000797500000,0x0000000797500000,0x0000000798300000)
 ParOldGen       total 51712K, used 43237K [0x0000000740000000, 0x0000000743280000, 0x0000000795580000)
  object space 51712K, 83% used [0x0000000740000000,0x0000000742a39638,0x0000000743280000)
 Metaspace       used 24611K, capacity 25182K, committed 25344K, reserved 1071104K
  class space    used 3337K, capacity 3502K, committed 3584K, reserved 1048576K
Event: 8054.850 GC heap after
Heap after GC invocations=93 (full 7):
 PSYoungGen      total 31232K, used 5736K [0x0000000795580000, 0x0000000798200000, 0x00000007c0000000)
  eden space 17920K, 0% used [0x0000000795580000,0x0000000795580000,0x0000000796700000)
  from space 13312K, 43% used [0x0000000797500000,0x0000000797a9a130,0x0000000798200000)
  to   space 13824K, 0% used [0x0000000796700000,0x0000000796700000,0x0000000797480000)
 ParOldGen       total 51712K, used 43237K [0x0000000740000000, 0x0000000743280000, 0x0000000795580000)
  object space 51712K, 83% used [0x0000000740000000,0x0000000742a39638,0x0000000743280000)
 Metaspace       used 24611K, capacity 25182K, committed 25344K, reserved 1071104K
  class space    used 3337K, capacity 3502K, committed 3584K, reserved 1048576K
}
Event: 8094.451 GC heap before
{Heap before GC invocations=94 (full 7):
 PSYoungGen      total 31232K, used 23656K [0x0000000795580000, 0x0000000798200000, 0x00000007c0000000)
  eden space 17920K, 100% used [0x0000000795580000,0x0000000796700000,0x0000000796700000)
  from space 13312K, 43% used [0x0000000797500000,0x0000000797a9a130,0x0000000798200000)
  to   space 13824K, 0% used [0x0000000796700000,0x0000000796700000,0x0000000797480000)
 ParOldGen       total 51712K, used 43237K [0x0000000740000000, 0x0000000743280000, 0x0000000795580000)
  object space 51712K, 83% used [0x0000000740000000,0x0000000742a39638,0x0000000743280000)
 Metaspace       used 24611K, capacity 25182K, committed 25344K, reserved 1071104K
  class space    used 3337K, capacity 3502K, committed 3584K, reserved 1048576K
Event: 8094.456 GC heap after
Heap after GC invocations=94 (full 7):
 PSYoungGen      total 24064K, used 5799K [0x0000000795580000, 0x0000000798000000, 0x00000007c0000000)
  eden space 17920K, 0% used [0x0000000795580000,0x0000000795580000,0x0000000796700000)
  from space 6144K, 94% used [0x0000000796700000,0x0000000796ca9ee0,0x0000000796d00000)
  to   space 12800K, 0% used [0x0000000797380000,0x0000000797380000,0x0000000798000000)
 ParOldGen       total 51712K, used 43237K [0x0000000740000000, 0x0000000743280000, 0x0000000795580000)
  object space 51712K, 83% used [0x0000000740000000,0x0000000742a39638,0x0000000743280000)
 Metaspace       used 24611K, capacity 25182K, committed 25344K, reserved 1071104K
  class space    used 3337K, capacity 3502K, committed 3584K, reserved 1048576K
}
Event: 8147.972 GC heap before
{Heap before GC invocations=95 (full 7):
 PSYoungGen      total 24064K, used 23719K [0x0000000795580000, 0x0000000798000000, 0x00000007c0000000)
  eden space 17920K, 100% used [0x0000000795580000,0x0000000796700000,0x0000000796700000)
  from space 6144K, 94% used [0x0000000796700000,0x0000000796ca9ee0,0x0000000796d00000)
  to   space 12800K, 0% used [0x0000000797380000,0x0000000797380000,0x0000000798000000)
 ParOldGen       total 51712K, used 43237K [0x0000000740000000, 0x0000000743280000, 0x0000000795580000)
  object space 51712K, 83% used [0x0000000740000000,0x0000000742a39638,0x0000000743280000)
 Metaspace       used 24612K, capacity 25182K, committed 25344K, reserved 1071104K
  class space    used 3337K, capacity 3502K, committed 3584K, reserved 1048576K
Event: 8147.977 GC heap after
Heap after GC invocations=95 (full 7):
 PSYoungGen      total 29696K, used 6307K [0x0000000795580000, 0x0000000797f00000, 0x00000007c0000000)
  eden space 17920K, 0% used [0x0000000795580000,0x0000000795580000,0x0000000796700000)
  from space 11776K, 53% used [0x0000000797380000,0x00000007979a8de0,0x0000000797f00000)
  to   space 12288K, 0% used [0x0000000796700000,0x0000000796700000,0x0000000797300000)
 ParOldGen       total 51712K, used 43237K [0x0000000740000000, 0x0000000743280000, 0x0000000795580000)
  object space 51712K, 83% used [0x0000000740000000,0x0000000742a39638,0x0000000743280000)
 Metaspace       used 24612K, capacity 25182K, committed 25344K, reserved 1071104K
  class space    used 3337K, capacity 3502K, committed 3584K, reserved 1048576K
}
Event: 8170.562 GC heap before
{Heap before GC invocations=96 (full 7):
 PSYoungGen      total 29696K, used 24227K [0x0000000795580000, 0x0000000797f00000, 0x00000007c0000000)
  eden space 17920K, 100% used [0x0000000795580000,0x0000000796700000,0x0000000796700000)
  from space 11776K, 53% used [0x0000000797380000,0x00000007979a8de0,0x0000000797f00000)
  to   space 12288K, 0% used [0x0000000796700000,0x0000000796700000,0x0000000797300000)
 ParOldGen       total 51712K, used 43237K [0x0000000740000000, 0x0000000743280000, 0x0000000795580000)
  object space 51712K, 83% used [0x0000000740000000,0x0000000742a39638,0x0000000743280000)
 Metaspace       used 24612K, capacity 25182K, committed 25344K, reserved 1071104K
  class space    used 3337K, capacity 3502K, committed 3584K, reserved 1048576K
Event: 8170.565 GC heap after
Heap after GC invocations=96 (full 7):
 PSYoungGen      total 30208K, used 6404K [0x0000000795580000, 0x0000000797f00000, 0x00000007c0000000)
  eden space 17920K, 0% used [0x0000000795580000,0x0000000795580000,0x0000000796700000)
  from space 12288K, 52% used [0x0000000796700000,0x0000000796d41030,0x0000000797300000)
  to   space 12288K, 0% used [0x0000000797300000,0x0000000797300000,0x0000000797f00000)
 ParOldGen       total 51712K, used 43237K [0x0000000740000000, 0x0000000743280000, 0x0000000795580000)
  object space 51712K, 83% used [0x0000000740000000,0x0000000742a39638,0x0000000743280000)
 Metaspace       used 24612K, capacity 25182K, committed 25344K, reserved 1071104K
  class space    used 3337K, capacity 3502K, committed 3584K, reserved 1048576K
}

