# JRE version: Java(TM) SE Runtime Environment (8.0_251-b08) (build 1.8.0_251-b08)
# Java VM: Java HotSpot(TM) 64-Bit Server VM (25.251-b08 mixed mode bsd-amd64 compressed oops)
Heap:
 PSYoungGen      total 27136K, used 10694K [0x0000000795580000, 0x0000000797680000, 0x00000007c0000000)
  eden space 20480K, 30% used [0x0000000795580000,0x0000000795bab270,0x0000000796980000)
  from space 6656K, 65% used [0x0000000796980000,0x0000000796dc6660,0x0000000797000000)
  to   space 6656K, 0% used [0x0000000797000000,0x0000000797000000,0x0000000797680000)
 ParOldGen       total 49664K, used 20451K [0x0000000740000000, 0x0000000743080000, 0x0000000795580000)
  object space 49664K, 41% used [0x0000000740000000,0x00000007413f8f88,0x0000000743080000)
 Metaspace       used 23591K, capacity 24074K, committed 24192K, reserved 1071104K
  class space    used 3238K, capacity 3378K, committed 3456K, reserved 1048576K
GC Heap History (10 events):
Event: 238.529 GC heap before
{Heap before GC invocations=134 (full 9):
 PSYoungGen      total 24064K, used 24053K [0x0000000795580000, 0x0000000797700000, 0x00000007c0000000)
  eden space 21504K, 100% used [0x0000000795580000,0x0000000796a80000,0x0000000796a80000)
  from space 2560K, 99% used [0x0000000796f80000,0x00000007971fd6f0,0x0000000797200000)
  to   space 5120K, 0% used [0x0000000796a80000,0x0000000796a80000,0x0000000796f80000)
 ParOldGen       total 49664K, used 20411K [0x0000000740000000, 0x0000000743080000, 0x0000000795580000)
  object space 49664K, 41% used [0x0000000740000000,0x00000007413eef88,0x0000000743080000)
 Metaspace       used 23083K, capacity 23602K, committed 23936K, reserved 1069056K
  class space    used 3237K, capacity 3378K, committed 3456K, reserved 1048576K
Event: 238.532 GC heap after
Heap after GC invocations=134 (full 9):
 PSYoungGen      total 26624K, used 3112K [0x0000000795580000, 0x0000000797480000, 0x00000007c0000000)
  eden space 21504K, 0% used [0x0000000795580000,0x0000000795580000,0x0000000796a80000)
  from space 5120K, 60% used [0x0000000796a80000,0x0000000796d8a318,0x0000000796f80000)
  to   space 5120K, 0% used [0x0000000796f80000,0x0000000796f80000,0x0000000797480000)
 ParOldGen       total 49664K, used 20419K [0x0000000740000000, 0x0000000743080000, 0x0000000795580000)
  object space 49664K, 41% used [0x0000000740000000,0x00000007413f0f88,0x0000000743080000)
 Metaspace       used 23083K, capacity 23602K, committed 23936K, reserved 1069056K
  class space    used 3237K, capacity 3378K, committed 3456K, reserved 1048576K
}
Event: 276.594 GC heap before
{Heap before GC invocations=135 (full 9):
 PSYoungGen      total 26624K, used 24616K [0x0000000795580000, 0x0000000797480000, 0x00000007c0000000)
  eden space 21504K, 100% used [0x0000000795580000,0x0000000796a80000,0x0000000796a80000)
  from space 5120K, 60% used [0x0000000796a80000,0x0000000796d8a318,0x0000000796f80000)
  to   space 5120K, 0% used [0x0000000796f80000,0x0000000796f80000,0x0000000797480000)
 ParOldGen       total 49664K, used 20419K [0x0000000740000000, 0x0000000743080000, 0x0000000795580000)
  object space 49664K, 41% used [0x0000000740000000,0x00000007413f0f88,0x0000000743080000)
 Metaspace       used 23246K, capacity 23730K, committed 23936K, reserved 1069056K
  class space    used 3237K, capacity 3378K, committed 3456K, reserved 1048576K
Event: 276.598 GC heap after
Heap after GC invocations=135 (full 9):
 PSYoungGen      total 26112K, used 3861K [0x0000000795580000, 0x0000000797580000, 0x00000007c0000000)
  eden space 20992K, 0% used [0x0000000795580000,0x0000000795580000,0x0000000796a00000)
  from space 5120K, 75% used [0x0000000796f80000,0x0000000797345400,0x0000000797480000)
  to   space 5632K, 0% used [0x0000000796a00000,0x0000000796a00000,0x0000000796f80000)
 ParOldGen       total 49664K, used 20427K [0x0000000740000000, 0x0000000743080000, 0x0000000795580000)
  object space 49664K, 41% used [0x0000000740000000,0x00000007413f2f88,0x0000000743080000)
 Metaspace       used 23246K, capacity 23730K, committed 23936K, reserved 1069056K
  class space    used 3237K, capacity 3378K, committed 3456K, reserved 1048576K
}
Event: 315.636 GC heap before
{Heap before GC invocations=136 (full 9):
 PSYoungGen      total 26112K, used 24853K [0x0000000795580000, 0x0000000797580000, 0x00000007c0000000)
  eden space 20992K, 100% used [0x0000000795580000,0x0000000796a00000,0x0000000796a00000)
  from space 5120K, 75% used [0x0000000796f80000,0x0000000797345400,0x0000000797480000)
  to   space 5632K, 0% used [0x0000000796a00000,0x0000000796a00000,0x0000000796f80000)
 ParOldGen       total 49664K, used 20427K [0x0000000740000000, 0x0000000743080000, 0x0000000795580000)
  object space 49664K, 41% used [0x0000000740000000,0x00000007413f2f88,0x0000000743080000)
 Metaspace       used 23382K, capacity 23858K, committed 24192K, reserved 1071104K
  class space    used 3237K, capacity 3378K, committed 3456K, reserved 1048576K
Event: 315.642 GC heap after
Heap after GC invocations=136 (full 9):
 PSYoungGen      total 26624K, used 3797K [0x0000000795580000, 0x0000000797600000, 0x00000007c0000000)
  eden space 20992K, 0% used [0x0000000795580000,0x0000000795580000,0x0000000796a00000)
  from space 5632K, 67% used [0x0000000796a00000,0x0000000796db5400,0x0000000796f80000)
  to   space 6144K, 0% used [0x0000000797000000,0x0000000797000000,0x0000000797600000)
 ParOldGen       total 49664K, used 20435K [0x0000000740000000, 0x0000000743080000, 0x0000000795580000)
  object space 49664K, 41% used [0x0000000740000000,0x00000007413f4f88,0x0000000743080000)
 Metaspace       used 23382K, capacity 23858K, committed 24192K, reserved 1071104K
  class space    used 3237K, capacity 3378K, committed 3456K, reserved 1048576K
}
Event: 389.228 GC heap before
{Heap before GC invocations=137 (full 9):
 PSYoungGen      total 26624K, used 24789K [0x0000000795580000, 0x0000000797600000, 0x00000007c0000000)
  eden space 20992K, 100% used [0x0000000795580000,0x0000000796a00000,0x0000000796a00000)
  from space 5632K, 67% used [0x0000000796a00000,0x0000000796db5400,0x0000000796f80000)
  to   space 6144K, 0% used [0x0000000797000000,0x0000000797000000,0x0000000797600000)
 ParOldGen       total 49664K, used 20435K [0x0000000740000000, 0x0000000743080000, 0x0000000795580000)
  object space 49664K, 41% used [0x0000000740000000,0x00000007413f4f88,0x0000000743080000)
 Metaspace       used 23482K, capacity 23986K, committed 24192K, reserved 1071104K
  class space    used 3237K, capacity 3378K, committed 3456K, reserved 1048576K
Event: 389.233 GC heap after
Heap after GC invocations=137 (full 9):
 PSYoungGen      total 26624K, used 4104K [0x0000000795580000, 0x0000000797700000, 0x00000007c0000000)
  eden space 20480K, 0% used [0x0000000795580000,0x0000000795580000,0x0000000796980000)
  from space 6144K, 66% used [0x0000000797000000,0x00000007974023b0,0x0000000797600000)
  to   space 6656K, 0% used [0x0000000796980000,0x0000000796980000,0x0000000797000000)
 ParOldGen       total 49664K, used 20443K [0x0000000740000000, 0x0000000743080000, 0x0000000795580000)
  object space 49664K, 41% used [0x0000000740000000,0x00000007413f6f88,0x0000000743080000)
 Metaspace       used 23482K, capacity 23986K, committed 24192K, reserved 1071104K
  class space    used 3237K, capacity 3378K, committed 3456K, reserved 1048576K
}
Event: 463.542 GC heap before
{Heap before GC invocations=138 (full 9):
 PSYoungGen      total 26624K, used 24584K [0x0000000795580000, 0x0000000797700000, 0x00000007c0000000)
  eden space 20480K, 100% used [0x0000000795580000,0x0000000796980000,0x0000000796980000)
  from space 6144K, 66% used [0x0000000797000000,0x00000007974023b0,0x0000000797600000)
  to   space 6656K, 0% used [0x0000000796980000,0x0000000796980000,0x0000000797000000)
 ParOldGen       total 49664K, used 20443K [0x0000000740000000, 0x0000000743080000, 0x0000000795580000)
  object space 49664K, 41% used [0x0000000740000000,0x00000007413f6f88,0x0000000743080000)
 Metaspace       used 23560K, capacity 24066K, committed 24192K, reserved 1071104K
  class space    used 3238K, capacity 3378K, committed 3456K, reserved 1048576K
Event: 463.546 GC heap after
Heap after GC invocations=138 (full 9):
 PSYoungGen      total 27136K, used 4377K [0x0000000795580000, 0x0000000797680000, 0x00000007c0000000)
  eden space 20480K, 0% used [0x0000000795580000,0x0000000795580000,0x0000000796980000)
  from space 6656K, 65% used [0x0000000796980000,0x0000000796dc6660,0x0000000797000000)
  to   space 6656K, 0% used [0x0000000797000000,0x0000000797000000,0x0000000797680000)
 ParOldGen       total 49664K, used 20451K [0x0000000740000000, 0x0000000743080000, 0x0000000795580000)
  object space 49664K, 41% used [0x0000000740000000,0x00000007413f8f88,0x0000000743080000)
 Metaspace       used 23560K, capacity 24066K, committed 24192K, reserved 1071104K
  class space    used 3238K, capacity 3378K, committed 3456K, reserved 1048576K
}

