# JRE version: Java(TM) SE Runtime Environment (8.0_251-b08) (build 1.8.0_251-b08)
# Java VM: Java HotSpot(TM) 64-Bit Server VM (25.251-b08 mixed mode bsd-amd64 compressed oops)
Heap:
 PSYoungGen      total 38400K, used 6461K [0x0000000795580000, 0x0000000798000000, 0x00000007c0000000)
  eden space 33280K, 10% used [0x0000000795580000,0x00000007958d6ac8,0x0000000797600000)
  from space 5120K, 59% used [0x0000000797600000,0x00000007978f8978,0x0000000797b00000)
  to   space 5120K, 0% used [0x0000000797b00000,0x0000000797b00000,0x0000000798000000)
 ParOldGen       total 49152K, used 17704K [0x0000000740000000, 0x0000000743000000, 0x0000000795580000)
  object space 49152K, 36% used [0x0000000740000000,0x000000074114a310,0x0000000743000000)
 Metaspace       used 21436K, capacity 21924K, committed 22272K, reserved 1069056K
  class space    used 3089K, capacity 3235K, committed 3328K, reserved 1048576K
GC Heap History (10 events):
Event: 1.188 GC heap before
{Heap before GC invocations=4 (full 2):
 PSYoungGen      total 38400K, used 1873K [0x0000000795580000, 0x0000000798000000, 0x00000007c0000000)
  eden space 33280K, 0% used [0x0000000795580000,0x0000000795580000,0x0000000797600000)
  from space 5120K, 36% used [0x0000000797b00000,0x0000000797cd4678,0x0000000798000000)
  to   space 5120K, 0% used [0x0000000797600000,0x0000000797600000,0x0000000797b00000)
 ParOldGen       total 87552K, used 492K [0x0000000740000000, 0x0000000745580000, 0x0000000795580000)
  object space 87552K, 0% used [0x0000000740000000,0x000000074007b398,0x0000000745580000)
 Metaspace       used 5689K, capacity 5812K, committed 5888K, reserved 1056768K
  class space    used 670K, capacity 728K, committed 768K, reserved 1048576K
Event: 1.203 GC heap after
Heap after GC invocations=4 (full 2):
 PSYoungGen      total 38400K, used 0K [0x0000000795580000, 0x0000000798000000, 0x00000007c0000000)
  eden space 33280K, 0% used [0x0000000795580000,0x0000000795580000,0x0000000797600000)
  from space 5120K, 0% used [0x0000000797b00000,0x0000000797b00000,0x0000000798000000)
  to   space 5120K, 0% used [0x0000000797600000,0x0000000797600000,0x0000000797b00000)
 ParOldGen       total 87552K, used 2154K [0x0000000740000000, 0x0000000745580000, 0x0000000795580000)
  object space 87552K, 2% used [0x0000000740000000,0x000000074021a830,0x0000000745580000)
 Metaspace       used 5689K, capacity 5812K, committed 5888K, reserved 1056768K
  class space    used 670K, capacity 728K, committed 768K, reserved 1048576K
}
Event: 10.625 GC heap before
{Heap before GC invocations=5 (full 2):
 PSYoungGen      total 38400K, used 32185K [0x0000000795580000, 0x0000000798000000, 0x00000007c0000000)
  eden space 33280K, 96% used [0x0000000795580000,0x00000007974ee688,0x0000000797600000)
  from space 5120K, 0% used [0x0000000797b00000,0x0000000797b00000,0x0000000798000000)
  to   space 5120K, 0% used [0x0000000797600000,0x0000000797600000,0x0000000797b00000)
 ParOldGen       total 87552K, used 2154K [0x0000000740000000, 0x0000000745580000, 0x0000000795580000)
  object space 87552K, 2% used [0x0000000740000000,0x000000074021a830,0x0000000745580000)
 Metaspace       used 19447K, capacity 19818K, committed 19968K, reserved 1067008K
  class space    used 2900K, capacity 3028K, committed 3072K, reserved 1048576K
Event: 10.635 GC heap after
Heap after GC invocations=5 (full 2):
 PSYoungGen      total 38400K, used 5088K [0x0000000795580000, 0x0000000798000000, 0x00000007c0000000)
  eden space 33280K, 0% used [0x0000000795580000,0x0000000795580000,0x0000000797600000)
  from space 5120K, 99% used [0x0000000797600000,0x0000000797af82e8,0x0000000797b00000)
  to   space 5120K, 0% used [0x0000000797b00000,0x0000000797b00000,0x0000000798000000)
 ParOldGen       total 87552K, used 6102K [0x0000000740000000, 0x0000000745580000, 0x0000000795580000)
  object space 87552K, 6% used [0x0000000740000000,0x00000007405f5b90,0x0000000745580000)
 Metaspace       used 19447K, capacity 19818K, committed 19968K, reserved 1067008K
  class space    used 2900K, capacity 3028K, committed 3072K, reserved 1048576K
}
Event: 17.685 GC heap before
{Heap before GC invocations=6 (full 2):
 PSYoungGen      total 38400K, used 22339K [0x0000000795580000, 0x0000000798000000, 0x00000007c0000000)
  eden space 33280K, 51% used [0x0000000795580000,0x0000000796658ca0,0x0000000797600000)
  from space 5120K, 99% used [0x0000000797600000,0x0000000797af82e8,0x0000000797b00000)
  to   space 5120K, 0% used [0x0000000797b00000,0x0000000797b00000,0x0000000798000000)
 ParOldGen       total 87552K, used 6102K [0x0000000740000000, 0x0000000745580000, 0x0000000795580000)
  object space 87552K, 6% used [0x0000000740000000,0x00000007405f5b90,0x0000000745580000)
 Metaspace       used 20738K, capacity 21150K, committed 21296K, reserved 1067008K
  class space    used 3059K, capacity 3170K, committed 3200K, reserved 1048576K
Event: 17.694 GC heap after
Heap after GC invocations=6 (full 2):
 PSYoungGen      total 38400K, used 5097K [0x0000000795580000, 0x0000000798000000, 0x00000007c0000000)
  eden space 33280K, 0% used [0x0000000795580000,0x0000000795580000,0x0000000797600000)
  from space 5120K, 99% used [0x0000000797b00000,0x0000000797ffa728,0x0000000798000000)
  to   space 5120K, 0% used [0x0000000797600000,0x0000000797600000,0x0000000797b00000)
 ParOldGen       total 87552K, used 10005K [0x0000000740000000, 0x0000000745580000, 0x0000000795580000)
  object space 87552K, 11% used [0x0000000740000000,0x00000007409c5770,0x0000000745580000)
 Metaspace       used 20738K, capacity 21150K, committed 21296K, reserved 1067008K
  class space    used 3059K, capacity 3170K, committed 3200K, reserved 1048576K
}
Event: 17.694 GC heap before
{Heap before GC invocations=7 (full 3):
 PSYoungGen      total 38400K, used 5097K [0x0000000795580000, 0x0000000798000000, 0x00000007c0000000)
  eden space 33280K, 0% used [0x0000000795580000,0x0000000795580000,0x0000000797600000)
  from space 5120K, 99% used [0x0000000797b00000,0x0000000797ffa728,0x0000000798000000)
  to   space 5120K, 0% used [0x0000000797600000,0x0000000797600000,0x0000000797b00000)
 ParOldGen       total 87552K, used 10005K [0x0000000740000000, 0x0000000745580000, 0x0000000795580000)
  object space 87552K, 11% used [0x0000000740000000,0x00000007409c5770,0x0000000745580000)
 Metaspace       used 20738K, capacity 21150K, committed 21296K, reserved 1067008K
  class space    used 3059K, capacity 3170K, committed 3200K, reserved 1048576K
Event: 17.747 GC heap after
Heap after GC invocations=7 (full 3):
 PSYoungGen      total 38400K, used 0K [0x0000000795580000, 0x0000000798000000, 0x00000007c0000000)
  eden space 33280K, 0% used [0x0000000795580000,0x0000000795580000,0x0000000797600000)
  from space 5120K, 0% used [0x0000000797b00000,0x0000000797b00000,0x0000000798000000)
  to   space 5120K, 0% used [0x0000000797600000,0x0000000797600000,0x0000000797b00000)
 ParOldGen       total 49152K, used 10450K [0x0000000740000000, 0x0000000743000000, 0x0000000795580000)
  object space 49152K, 21% used [0x0000000740000000,0x0000000740a34988,0x0000000743000000)
 Metaspace       used 20738K, capacity 21150K, committed 21296K, reserved 1067008K
  class space    used 3059K, capacity 3170K, committed 3200K, reserved 1048576K
}
Event: 57.154 GC heap before
{Heap before GC invocations=8 (full 3):
 PSYoungGen      total 38400K, used 33280K [0x0000000795580000, 0x0000000798000000, 0x00000007c0000000)
  eden space 33280K, 100% used [0x0000000795580000,0x0000000797600000,0x0000000797600000)
  from space 5120K, 0% used [0x0000000797b00000,0x0000000797b00000,0x0000000798000000)
  to   space 5120K, 0% used [0x0000000797600000,0x0000000797600000,0x0000000797b00000)
 ParOldGen       total 49152K, used 10450K [0x0000000740000000, 0x0000000743000000, 0x0000000795580000)
  object space 49152K, 21% used [0x0000000740000000,0x0000000740a34988,0x0000000743000000)
 Metaspace       used 21362K, capacity 21860K, committed 22016K, reserved 1069056K
  class space    used 3086K, capacity 3235K, committed 3328K, reserved 1048576K
Event: 57.159 GC heap after
Heap after GC invocations=8 (full 3):
 PSYoungGen      total 38400K, used 3042K [0x0000000795580000, 0x0000000798000000, 0x00000007c0000000)
  eden space 33280K, 0% used [0x0000000795580000,0x0000000795580000,0x0000000797600000)
  from space 5120K, 59% used [0x0000000797600000,0x00000007978f8978,0x0000000797b00000)
  to   space 5120K, 0% used [0x0000000797b00000,0x0000000797b00000,0x0000000798000000)
 ParOldGen       total 49152K, used 17704K [0x0000000740000000, 0x0000000743000000, 0x0000000795580000)
  object space 49152K, 36% used [0x0000000740000000,0x000000074114a310,0x0000000743000000)
 Metaspace       used 21362K, capacity 21860K, committed 22016K, reserved 1069056K
  class space    used 3086K, capacity 3235K, committed 3328K, reserved 1048576K
}

