# JRE version: Java(TM) SE Runtime Environment (8.0_251-b08) (build 1.8.0_251-b08)
# Java VM: Java HotSpot(TM) 64-Bit Server VM (25.251-b08 mixed mode bsd-amd64 compressed oops)
Heap:
 PSYoungGen      total 180736K, used 64874K [0x0000000795580000, 0x00000007a6d80000, 0x00000007c0000000)
  eden space 180224K, 35% used [0x0000000795580000,0x00000007994ba980,0x00000007a0580000)
  from space 512K, 25% used [0x00000007a6d00000,0x00000007a6d20000,0x00000007a6d80000)
  to   space 3584K, 0% used [0x00000007a6680000,0x00000007a6680000,0x00000007a6a00000)
 ParOldGen       total 69120K, used 62789K [0x0000000740000000, 0x0000000744380000, 0x0000000795580000)
  object space 69120K, 90% used [0x0000000740000000,0x0000000743d514c8,0x0000000744380000)
 Metaspace       used 25636K, capacity 26232K, committed 26368K, reserved 1073152K
  class space    used 3355K, capacity 3519K, committed 3584K, reserved 1048576K
GC Heap History (10 events):
Event: 9187.633 GC heap before
{Heap before GC invocations=1156 (full 72):
 PSYoungGen      total 228352K, used 223840K [0x0000000795580000, 0x00000007a7880000, 0x00000007c0000000)
  eden space 223744K, 100% used [0x0000000795580000,0x00000007a3000000,0x00000007a3000000)
  from space 4608K, 2% used [0x00000007a6f80000,0x00000007a6f98000,0x00000007a7400000)
  to   space 4608K, 0% used [0x00000007a7400000,0x00000007a7400000,0x00000007a7880000)
 ParOldGen       total 69120K, used 62669K [0x0000000740000000, 0x0000000744380000, 0x0000000795580000)
  object space 69120K, 90% used [0x0000000740000000,0x0000000743d334c8,0x0000000744380000)
 Metaspace       used 25636K, capacity 26232K, committed 26368K, reserved 1073152K
  class space    used 3355K, capacity 3519K, committed 3584K, reserved 1048576K
Event: 9187.637 GC heap after
Heap after GC invocations=1156 (full 72):
 PSYoungGen      total 214528K, used 128K [0x0000000795580000, 0x00000007a7480000, 0x00000007c0000000)
  eden space 214016K, 0% used [0x0000000795580000,0x0000000795580000,0x00000007a2680000)
  from space 512K, 25% used [0x00000007a7400000,0x00000007a7420000,0x00000007a7480000)
  to   space 4608K, 0% used [0x00000007a6b80000,0x00000007a6b80000,0x00000007a7000000)
 ParOldGen       total 69120K, used 62693K [0x0000000740000000, 0x0000000744380000, 0x0000000795580000)
  object space 69120K, 90% used [0x0000000740000000,0x0000000743d394c8,0x0000000744380000)
 Metaspace       used 25636K, capacity 26232K, committed 26368K, reserved 1073152K
  class space    used 3355K, capacity 3519K, committed 3584K, reserved 1048576K
}
Event: 9188.247 GC heap before
{Heap before GC invocations=1157 (full 72):
 PSYoungGen      total 214528K, used 214144K [0x0000000795580000, 0x00000007a7480000, 0x00000007c0000000)
  eden space 214016K, 100% used [0x0000000795580000,0x00000007a2680000,0x00000007a2680000)
  from space 512K, 25% used [0x00000007a7400000,0x00000007a7420000,0x00000007a7480000)
  to   space 4608K, 0% used [0x00000007a6b80000,0x00000007a6b80000,0x00000007a7000000)
 ParOldGen       total 69120K, used 62693K [0x0000000740000000, 0x0000000744380000, 0x0000000795580000)
  object space 69120K, 90% used [0x0000000740000000,0x0000000743d394c8,0x0000000744380000)
 Metaspace       used 25636K, capacity 26232K, committed 26368K, reserved 1073152K
  class space    used 3355K, capacity 3519K, committed 3584K, reserved 1048576K
Event: 9188.251 GC heap after
Heap after GC invocations=1157 (full 72):
 PSYoungGen      total 209408K, used 128K [0x0000000795580000, 0x00000007a7480000, 0x00000007c0000000)
  eden space 204800K, 0% used [0x0000000795580000,0x0000000795580000,0x00000007a1d80000)
  from space 4608K, 2% used [0x00000007a6b80000,0x00000007a6ba0000,0x00000007a7000000)
  to   space 4096K, 0% used [0x00000007a7080000,0x00000007a7080000,0x00000007a7480000)
 ParOldGen       total 69120K, used 62725K [0x0000000740000000, 0x0000000744380000, 0x0000000795580000)
  object space 69120K, 90% used [0x0000000740000000,0x0000000743d414c8,0x0000000744380000)
 Metaspace       used 25636K, capacity 26232K, committed 26368K, reserved 1073152K
  class space    used 3355K, capacity 3519K, committed 3584K, reserved 1048576K
}
Event: 9188.837 GC heap before
{Heap before GC invocations=1158 (full 72):
 PSYoungGen      total 209408K, used 204928K [0x0000000795580000, 0x00000007a7480000, 0x00000007c0000000)
  eden space 204800K, 100% used [0x0000000795580000,0x00000007a1d80000,0x00000007a1d80000)
  from space 4608K, 2% used [0x00000007a6b80000,0x00000007a6ba0000,0x00000007a7000000)
  to   space 4096K, 0% used [0x00000007a7080000,0x00000007a7080000,0x00000007a7480000)
 ParOldGen       total 69120K, used 62725K [0x0000000740000000, 0x0000000744380000, 0x0000000795580000)
  object space 69120K, 90% used [0x0000000740000000,0x0000000743d414c8,0x0000000744380000)
 Metaspace       used 25636K, capacity 26232K, committed 26368K, reserved 1073152K
  class space    used 3355K, capacity 3519K, committed 3584K, reserved 1048576K
Event: 9188.841 GC heap after
Heap after GC invocations=1158 (full 72):
 PSYoungGen      total 196608K, used 128K [0x0000000795580000, 0x00000007a7100000, 0x00000007c0000000)
  eden space 196096K, 0% used [0x0000000795580000,0x0000000795580000,0x00000007a1500000)
  from space 512K, 25% used [0x00000007a7080000,0x00000007a70a0000,0x00000007a7100000)
  to   space 4096K, 0% used [0x00000007a6900000,0x00000007a6900000,0x00000007a6d00000)
 ParOldGen       total 69120K, used 62757K [0x0000000740000000, 0x0000000744380000, 0x0000000795580000)
  object space 69120K, 90% used [0x0000000740000000,0x0000000743d494c8,0x0000000744380000)
 Metaspace       used 25636K, capacity 26232K, committed 26368K, reserved 1073152K
  class space    used 3355K, capacity 3519K, committed 3584K, reserved 1048576K
}
Event: 9189.425 GC heap before
{Heap before GC invocations=1159 (full 72):
 PSYoungGen      total 196608K, used 196224K [0x0000000795580000, 0x00000007a7100000, 0x00000007c0000000)
  eden space 196096K, 100% used [0x0000000795580000,0x00000007a1500000,0x00000007a1500000)
  from space 512K, 25% used [0x00000007a7080000,0x00000007a70a0000,0x00000007a7100000)
  to   space 4096K, 0% used [0x00000007a6900000,0x00000007a6900000,0x00000007a6d00000)
 ParOldGen       total 69120K, used 62757K [0x0000000740000000, 0x0000000744380000, 0x0000000795580000)
  object space 69120K, 90% used [0x0000000740000000,0x0000000743d494c8,0x0000000744380000)
 Metaspace       used 25636K, capacity 26232K, committed 26368K, reserved 1073152K
  class space    used 3355K, capacity 3519K, committed 3584K, reserved 1048576K
Event: 9189.429 GC heap after
Heap after GC invocations=1159 (full 72):
 PSYoungGen      total 192000K, used 96K [0x0000000795580000, 0x00000007a7100000, 0x00000007c0000000)
  eden space 187904K, 0% used [0x0000000795580000,0x0000000795580000,0x00000007a0d00000)
  from space 4096K, 2% used [0x00000007a6900000,0x00000007a6918000,0x00000007a6d00000)
  to   space 4096K, 0% used [0x00000007a6d00000,0x00000007a6d00000,0x00000007a7100000)
 ParOldGen       total 69120K, used 62789K [0x0000000740000000, 0x0000000744380000, 0x0000000795580000)
  object space 69120K, 90% used [0x0000000740000000,0x0000000743d514c8,0x0000000744380000)
 Metaspace       used 25636K, capacity 26232K, committed 26368K, reserved 1073152K
  class space    used 3355K, capacity 3519K, committed 3584K, reserved 1048576K
}
Event: 9189.981 GC heap before
{Heap before GC invocations=1160 (full 72):
 PSYoungGen      total 192000K, used 188000K [0x0000000795580000, 0x00000007a7100000, 0x00000007c0000000)
  eden space 187904K, 100% used [0x0000000795580000,0x00000007a0d00000,0x00000007a0d00000)
  from space 4096K, 2% used [0x00000007a6900000,0x00000007a6918000,0x00000007a6d00000)
  to   space 4096K, 0% used [0x00000007a6d00000,0x00000007a6d00000,0x00000007a7100000)
 ParOldGen       total 69120K, used 62789K [0x0000000740000000, 0x0000000744380000, 0x0000000795580000)
  object space 69120K, 90% used [0x0000000740000000,0x0000000743d514c8,0x0000000744380000)
 Metaspace       used 25636K, capacity 26232K, committed 26368K, reserved 1073152K
  class space    used 3355K, capacity 3519K, committed 3584K, reserved 1048576K
Event: 9189.986 GC heap after
Heap after GC invocations=1160 (full 72):
 PSYoungGen      total 180736K, used 128K [0x0000000795580000, 0x00000007a6d80000, 0x00000007c0000000)
  eden space 180224K, 0% used [0x0000000795580000,0x0000000795580000,0x00000007a0580000)
  from space 512K, 25% used [0x00000007a6d00000,0x00000007a6d20000,0x00000007a6d80000)
  to   space 3584K, 0% used [0x00000007a6680000,0x00000007a6680000,0x00000007a6a00000)
 ParOldGen       total 69120K, used 62789K [0x0000000740000000, 0x0000000744380000, 0x0000000795580000)
  object space 69120K, 90% used [0x0000000740000000,0x0000000743d514c8,0x0000000744380000)
 Metaspace       used 25636K, capacity 26232K, committed 26368K, reserved 1073152K
  class space    used 3355K, capacity 3519K, committed 3584K, reserved 1048576K
}

